[DEBUG] 2018-10-16 22:29:39.936 [main] IntegratorServiceImpl - Adding Integrator [org.hibernate.cfg.beanvalidation.BeanValidationIntegrator].
[DEBUG] 2018-10-16 22:29:39.941 [main] IntegratorServiceImpl - Adding Integrator [org.hibernate.secure.spi.JaccIntegrator].
[DEBUG] 2018-10-16 22:29:39.950 [main] IntegratorServiceImpl - Adding Integrator [org.hibernate.cache.internal.CollectionCacheInvalidator].
[INFO ] 2018-10-16 22:29:40.129 [main] Version - HHH000412: Hibernate Core {5.2.12.Final}
[INFO ] 2018-10-16 22:29:40.132 [main] Environment - HHH000206: hibernate.properties not found
[DEBUG] 2018-10-16 22:29:40.179 [main] LocalXmlResourceResolver - Interpreting public/system identifier : [-//Hibernate/Hibernate Configuration DTD//EN] - [http://www.hibernate.org/dtd/hibernate-configuration-3.0.dtd]
[DEBUG] 2018-10-16 22:29:40.181 [main] LocalXmlResourceResolver - Recognized hibernate-configuration identifier; attempting to resolve on classpath under org/hibernate/
[DEBUG] 2018-10-16 22:29:40.193 [main] JaxbCfgProcessor - cfg.xml document did not define namespaces; wrapping in custom event reader to introduce namespace information
[DEBUG] 2018-10-16 22:29:40.573 [main] ServiceBinding - Overriding existing service binding [org.hibernate.secure.spi.JaccService]
[DEBUG] 2018-10-16 22:29:40.614 [main] RegionFactoryInitiator - Cache region factory : org.hibernate.cache.internal.NoCachingRegionFactory
[INFO ] 2018-10-16 22:29:40.622 [main] Version - HCANN000001: Hibernate Commons Annotations {5.0.1.Final}
[DEBUG] 2018-10-16 22:29:40.646 [main] BasicTypeRegistry - Adding type registration boolean -> org.hibernate.type.BooleanType@421e361
[DEBUG] 2018-10-16 22:29:40.646 [main] BasicTypeRegistry - Adding type registration boolean -> org.hibernate.type.BooleanType@421e361
[DEBUG] 2018-10-16 22:29:40.648 [main] BasicTypeRegistry - Adding type registration java.lang.Boolean -> org.hibernate.type.BooleanType@421e361
[DEBUG] 2018-10-16 22:29:40.648 [main] BasicTypeRegistry - Adding type registration numeric_boolean -> org.hibernate.type.NumericBooleanType@4b34fff9
[DEBUG] 2018-10-16 22:29:40.656 [main] BasicTypeRegistry - Adding type registration true_false -> org.hibernate.type.TrueFalseType@6d7fc27
[DEBUG] 2018-10-16 22:29:40.659 [main] BasicTypeRegistry - Adding type registration yes_no -> org.hibernate.type.YesNoType@518caac3
[DEBUG] 2018-10-16 22:29:40.661 [main] BasicTypeRegistry - Adding type registration byte -> org.hibernate.type.ByteType@14fa86ae
[DEBUG] 2018-10-16 22:29:40.661 [main] BasicTypeRegistry - Adding type registration byte -> org.hibernate.type.ByteType@14fa86ae
[DEBUG] 2018-10-16 22:29:40.661 [main] BasicTypeRegistry - Adding type registration java.lang.Byte -> org.hibernate.type.ByteType@14fa86ae
[DEBUG] 2018-10-16 22:29:40.662 [main] BasicTypeRegistry - Adding type registration character -> org.hibernate.type.CharacterType@5b3f61ff
[DEBUG] 2018-10-16 22:29:40.667 [main] BasicTypeRegistry - Adding type registration char -> org.hibernate.type.CharacterType@5b3f61ff
[DEBUG] 2018-10-16 22:29:40.667 [main] BasicTypeRegistry - Adding type registration java.lang.Character -> org.hibernate.type.CharacterType@5b3f61ff
[DEBUG] 2018-10-16 22:29:40.668 [main] BasicTypeRegistry - Adding type registration short -> org.hibernate.type.ShortType@12a94400
[DEBUG] 2018-10-16 22:29:40.668 [main] BasicTypeRegistry - Adding type registration short -> org.hibernate.type.ShortType@12a94400
[DEBUG] 2018-10-16 22:29:40.669 [main] BasicTypeRegistry - Adding type registration java.lang.Short -> org.hibernate.type.ShortType@12a94400
[DEBUG] 2018-10-16 22:29:40.670 [main] BasicTypeRegistry - Adding type registration integer -> org.hibernate.type.IntegerType@11bb571c
[DEBUG] 2018-10-16 22:29:40.672 [main] BasicTypeRegistry - Adding type registration int -> org.hibernate.type.IntegerType@11bb571c
[DEBUG] 2018-10-16 22:29:40.672 [main] BasicTypeRegistry - Adding type registration java.lang.Integer -> org.hibernate.type.IntegerType@11bb571c
[DEBUG] 2018-10-16 22:29:40.674 [main] BasicTypeRegistry - Adding type registration long -> org.hibernate.type.LongType@57576994
[DEBUG] 2018-10-16 22:29:40.676 [main] BasicTypeRegistry - Adding type registration long -> org.hibernate.type.LongType@57576994
[DEBUG] 2018-10-16 22:29:40.676 [main] BasicTypeRegistry - Adding type registration java.lang.Long -> org.hibernate.type.LongType@57576994
[DEBUG] 2018-10-16 22:29:40.678 [main] BasicTypeRegistry - Adding type registration float -> org.hibernate.type.FloatType@1d483de4
[DEBUG] 2018-10-16 22:29:40.678 [main] BasicTypeRegistry - Adding type registration float -> org.hibernate.type.FloatType@1d483de4
[DEBUG] 2018-10-16 22:29:40.681 [main] BasicTypeRegistry - Adding type registration java.lang.Float -> org.hibernate.type.FloatType@1d483de4
[DEBUG] 2018-10-16 22:29:40.685 [main] BasicTypeRegistry - Adding type registration double -> org.hibernate.type.DoubleType@b83a9be
[DEBUG] 2018-10-16 22:29:40.686 [main] BasicTypeRegistry - Adding type registration double -> org.hibernate.type.DoubleType@b83a9be
[DEBUG] 2018-10-16 22:29:40.687 [main] BasicTypeRegistry - Adding type registration java.lang.Double -> org.hibernate.type.DoubleType@b83a9be
[DEBUG] 2018-10-16 22:29:40.689 [main] BasicTypeRegistry - Adding type registration big_decimal -> org.hibernate.type.BigDecimalType@7d3d101b
[DEBUG] 2018-10-16 22:29:40.689 [main] BasicTypeRegistry - Adding type registration java.math.BigDecimal -> org.hibernate.type.BigDecimalType@7d3d101b
[DEBUG] 2018-10-16 22:29:40.696 [main] BasicTypeRegistry - Adding type registration big_integer -> org.hibernate.type.BigIntegerType@1f75a668
[DEBUG] 2018-10-16 22:29:40.696 [main] BasicTypeRegistry - Adding type registration java.math.BigInteger -> org.hibernate.type.BigIntegerType@1f75a668
[DEBUG] 2018-10-16 22:29:40.697 [main] BasicTypeRegistry - Adding type registration string -> org.hibernate.type.StringType@2812b107
[DEBUG] 2018-10-16 22:29:40.697 [main] BasicTypeRegistry - Adding type registration java.lang.String -> org.hibernate.type.StringType@2812b107
[DEBUG] 2018-10-16 22:29:40.698 [main] BasicTypeRegistry - Adding type registration nstring -> org.hibernate.type.StringNVarcharType@198d6542
[DEBUG] 2018-10-16 22:29:40.698 [main] BasicTypeRegistry - Adding type registration ncharacter -> org.hibernate.type.CharacterNCharType@7674b62c
[DEBUG] 2018-10-16 22:29:40.699 [main] BasicTypeRegistry - Adding type registration url -> org.hibernate.type.UrlType@327af41b
[DEBUG] 2018-10-16 22:29:40.699 [main] BasicTypeRegistry - Adding type registration java.net.URL -> org.hibernate.type.UrlType@327af41b
[DEBUG] 2018-10-16 22:29:40.700 [main] BasicTypeRegistry - Adding type registration Duration -> org.hibernate.type.DurationType@30bce90b
[DEBUG] 2018-10-16 22:29:40.701 [main] BasicTypeRegistry - Adding type registration java.time.Duration -> org.hibernate.type.DurationType@30bce90b
[DEBUG] 2018-10-16 22:29:40.735 [main] BasicTypeRegistry - Adding type registration Instant -> org.hibernate.type.InstantType@50dfbc58
[DEBUG] 2018-10-16 22:29:40.739 [main] BasicTypeRegistry - Adding type registration java.time.Instant -> org.hibernate.type.InstantType@50dfbc58
[DEBUG] 2018-10-16 22:29:40.740 [main] BasicTypeRegistry - Adding type registration LocalDateTime -> org.hibernate.type.LocalDateTimeType@1fb19a0
[DEBUG] 2018-10-16 22:29:40.740 [main] BasicTypeRegistry - Adding type registration java.time.LocalDateTime -> org.hibernate.type.LocalDateTimeType@1fb19a0
[DEBUG] 2018-10-16 22:29:40.745 [main] BasicTypeRegistry - Adding type registration LocalDate -> org.hibernate.type.LocalDateType@302f7971
[DEBUG] 2018-10-16 22:29:40.745 [main] BasicTypeRegistry - Adding type registration java.time.LocalDate -> org.hibernate.type.LocalDateType@302f7971
[DEBUG] 2018-10-16 22:29:40.751 [main] BasicTypeRegistry - Adding type registration LocalTime -> org.hibernate.type.LocalTimeType@63eef88a
[DEBUG] 2018-10-16 22:29:40.751 [main] BasicTypeRegistry - Adding type registration java.time.LocalTime -> org.hibernate.type.LocalTimeType@63eef88a
[DEBUG] 2018-10-16 22:29:40.756 [main] BasicTypeRegistry - Adding type registration OffsetDateTime -> org.hibernate.type.OffsetDateTimeType@5a9f4771
[DEBUG] 2018-10-16 22:29:40.756 [main] BasicTypeRegistry - Adding type registration java.time.OffsetDateTime -> org.hibernate.type.OffsetDateTimeType@5a9f4771
[DEBUG] 2018-10-16 22:29:40.758 [main] BasicTypeRegistry - Adding type registration OffsetTime -> org.hibernate.type.OffsetTimeType@258d79be
[DEBUG] 2018-10-16 22:29:40.762 [main] BasicTypeRegistry - Adding type registration java.time.OffsetTime -> org.hibernate.type.OffsetTimeType@258d79be
[DEBUG] 2018-10-16 22:29:40.771 [main] BasicTypeRegistry - Adding type registration ZonedDateTime -> org.hibernate.type.ZonedDateTimeType@7fcf2fc1
[DEBUG] 2018-10-16 22:29:40.771 [main] BasicTypeRegistry - Adding type registration java.time.ZonedDateTime -> org.hibernate.type.ZonedDateTimeType@7fcf2fc1
[DEBUG] 2018-10-16 22:29:40.773 [main] BasicTypeRegistry - Adding type registration date -> org.hibernate.type.DateType@479ceda0
[DEBUG] 2018-10-16 22:29:40.773 [main] BasicTypeRegistry - Adding type registration java.sql.Date -> org.hibernate.type.DateType@479ceda0
[DEBUG] 2018-10-16 22:29:40.774 [main] BasicTypeRegistry - Adding type registration time -> org.hibernate.type.TimeType@38ba6ce3
[DEBUG] 2018-10-16 22:29:40.774 [main] BasicTypeRegistry - Adding type registration java.sql.Time -> org.hibernate.type.TimeType@38ba6ce3
[DEBUG] 2018-10-16 22:29:40.777 [main] BasicTypeRegistry - Adding type registration timestamp -> org.hibernate.type.TimestampType@7fbdb894
[DEBUG] 2018-10-16 22:29:40.778 [main] BasicTypeRegistry - Adding type registration java.sql.Timestamp -> org.hibernate.type.TimestampType@7fbdb894
[DEBUG] 2018-10-16 22:29:40.778 [main] BasicTypeRegistry - Adding type registration java.util.Date -> org.hibernate.type.TimestampType@7fbdb894
[DEBUG] 2018-10-16 22:29:40.779 [main] BasicTypeRegistry - Adding type registration dbtimestamp -> org.hibernate.type.DbTimestampType@6e005dc9
[DEBUG] 2018-10-16 22:29:40.782 [main] BasicTypeRegistry - Adding type registration calendar -> org.hibernate.type.CalendarType@7c214cc0
[DEBUG] 2018-10-16 22:29:40.782 [main] BasicTypeRegistry - Adding type registration java.util.Calendar -> org.hibernate.type.CalendarType@7c214cc0
[DEBUG] 2018-10-16 22:29:40.786 [main] BasicTypeRegistry - Adding type registration java.util.GregorianCalendar -> org.hibernate.type.CalendarType@7c214cc0
[DEBUG] 2018-10-16 22:29:40.788 [main] BasicTypeRegistry - Adding type registration calendar_date -> org.hibernate.type.CalendarDateType@20f5281c
[DEBUG] 2018-10-16 22:29:40.790 [main] BasicTypeRegistry - Adding type registration locale -> org.hibernate.type.LocaleType@4397ad89
[DEBUG] 2018-10-16 22:29:40.790 [main] BasicTypeRegistry - Adding type registration java.util.Locale -> org.hibernate.type.LocaleType@4397ad89
[DEBUG] 2018-10-16 22:29:40.792 [main] BasicTypeRegistry - Adding type registration currency -> org.hibernate.type.CurrencyType@71329995
[DEBUG] 2018-10-16 22:29:40.792 [main] BasicTypeRegistry - Adding type registration java.util.Currency -> org.hibernate.type.CurrencyType@71329995
[DEBUG] 2018-10-16 22:29:40.798 [main] BasicTypeRegistry - Adding type registration timezone -> org.hibernate.type.TimeZoneType@4ddbbdf8
[DEBUG] 2018-10-16 22:29:40.798 [main] BasicTypeRegistry - Adding type registration java.util.TimeZone -> org.hibernate.type.TimeZoneType@4ddbbdf8
[DEBUG] 2018-10-16 22:29:40.799 [main] BasicTypeRegistry - Adding type registration class -> org.hibernate.type.ClassType@1115ec15
[DEBUG] 2018-10-16 22:29:40.799 [main] BasicTypeRegistry - Adding type registration java.lang.Class -> org.hibernate.type.ClassType@1115ec15
[DEBUG] 2018-10-16 22:29:40.800 [main] BasicTypeRegistry - Adding type registration uuid-binary -> org.hibernate.type.UUIDBinaryType@74a6f9c1
[DEBUG] 2018-10-16 22:29:40.800 [main] BasicTypeRegistry - Adding type registration java.util.UUID -> org.hibernate.type.UUIDBinaryType@74a6f9c1
[DEBUG] 2018-10-16 22:29:40.801 [main] BasicTypeRegistry - Adding type registration uuid-char -> org.hibernate.type.UUIDCharType@63611043
[DEBUG] 2018-10-16 22:29:40.802 [main] BasicTypeRegistry - Adding type registration binary -> org.hibernate.type.BinaryType@6c2ed0cd
[DEBUG] 2018-10-16 22:29:40.802 [main] BasicTypeRegistry - Adding type registration byte[] -> org.hibernate.type.BinaryType@6c2ed0cd
[DEBUG] 2018-10-16 22:29:40.802 [main] BasicTypeRegistry - Adding type registration [B -> org.hibernate.type.BinaryType@6c2ed0cd
[DEBUG] 2018-10-16 22:29:40.803 [main] BasicTypeRegistry - Adding type registration wrapper-binary -> org.hibernate.type.WrapperBinaryType@4241e0f4
[DEBUG] 2018-10-16 22:29:40.806 [main] BasicTypeRegistry - Adding type registration Byte[] -> org.hibernate.type.WrapperBinaryType@4241e0f4
[DEBUG] 2018-10-16 22:29:40.806 [main] BasicTypeRegistry - Adding type registration [Ljava.lang.Byte; -> org.hibernate.type.WrapperBinaryType@4241e0f4
[DEBUG] 2018-10-16 22:29:40.807 [main] BasicTypeRegistry - Adding type registration row_version -> org.hibernate.type.RowVersionType@38604b81
[DEBUG] 2018-10-16 22:29:40.810 [main] BasicTypeRegistry - Adding type registration image -> org.hibernate.type.ImageType@ae3540e
[DEBUG] 2018-10-16 22:29:40.811 [main] BasicTypeRegistry - Adding type registration characters -> org.hibernate.type.CharArrayType@457c9034
[DEBUG] 2018-10-16 22:29:40.811 [main] BasicTypeRegistry - Adding type registration char[] -> org.hibernate.type.CharArrayType@457c9034
[DEBUG] 2018-10-16 22:29:40.811 [main] BasicTypeRegistry - Adding type registration [C -> org.hibernate.type.CharArrayType@457c9034
[DEBUG] 2018-10-16 22:29:40.812 [main] BasicTypeRegistry - Adding type registration wrapper-characters -> org.hibernate.type.CharacterArrayType@51549490
[DEBUG] 2018-10-16 22:29:40.815 [main] BasicTypeRegistry - Adding type registration [Ljava.lang.Character; -> org.hibernate.type.CharacterArrayType@51549490
[DEBUG] 2018-10-16 22:29:40.815 [main] BasicTypeRegistry - Adding type registration Character[] -> org.hibernate.type.CharacterArrayType@51549490
[DEBUG] 2018-10-16 22:29:40.816 [main] BasicTypeRegistry - Adding type registration text -> org.hibernate.type.TextType@7daa0fbd
[DEBUG] 2018-10-16 22:29:40.816 [main] BasicTypeRegistry - Adding type registration ntext -> org.hibernate.type.NTextType@6f44a157
[DEBUG] 2018-10-16 22:29:40.823 [main] BasicTypeRegistry - Adding type registration blob -> org.hibernate.type.BlobType@3bd323e9
[DEBUG] 2018-10-16 22:29:40.827 [main] BasicTypeRegistry - Adding type registration java.sql.Blob -> org.hibernate.type.BlobType@3bd323e9
[DEBUG] 2018-10-16 22:29:40.827 [main] BasicTypeRegistry - Adding type registration materialized_blob -> org.hibernate.type.MaterializedBlobType@4ff8d125
[DEBUG] 2018-10-16 22:29:40.839 [main] BasicTypeRegistry - Adding type registration clob -> org.hibernate.type.ClobType@30c93896
[DEBUG] 2018-10-16 22:29:40.839 [main] BasicTypeRegistry - Adding type registration java.sql.Clob -> org.hibernate.type.ClobType@30c93896
[DEBUG] 2018-10-16 22:29:40.842 [main] BasicTypeRegistry - Adding type registration nclob -> org.hibernate.type.NClobType@106cc338
[DEBUG] 2018-10-16 22:29:40.842 [main] BasicTypeRegistry - Adding type registration java.sql.NClob -> org.hibernate.type.NClobType@106cc338
[DEBUG] 2018-10-16 22:29:40.843 [main] BasicTypeRegistry - Adding type registration materialized_clob -> org.hibernate.type.MaterializedClobType@15713d56
[DEBUG] 2018-10-16 22:29:40.844 [main] BasicTypeRegistry - Adding type registration materialized_nclob -> org.hibernate.type.MaterializedNClobType@600b90df
[DEBUG] 2018-10-16 22:29:40.845 [main] BasicTypeRegistry - Adding type registration serializable -> org.hibernate.type.SerializableType@3d9c13b5
[DEBUG] 2018-10-16 22:29:40.850 [main] BasicTypeRegistry - Adding type registration object -> org.hibernate.type.ObjectType@2f67b837
[DEBUG] 2018-10-16 22:29:40.850 [main] BasicTypeRegistry - Adding type registration java.lang.Object -> org.hibernate.type.ObjectType@2f67b837
[DEBUG] 2018-10-16 22:29:40.851 [main] BasicTypeRegistry - Adding type registration imm_date -> org.hibernate.type.AdaptedImmutableType@6cce16f4
[DEBUG] 2018-10-16 22:29:40.851 [main] BasicTypeRegistry - Adding type registration imm_time -> org.hibernate.type.AdaptedImmutableType@7efaad5a
[DEBUG] 2018-10-16 22:29:40.855 [main] BasicTypeRegistry - Adding type registration imm_timestamp -> org.hibernate.type.AdaptedImmutableType@291a7e3c
[DEBUG] 2018-10-16 22:29:40.856 [main] BasicTypeRegistry - Adding type registration imm_dbtimestamp -> org.hibernate.type.AdaptedImmutableType@ca30bc1
[DEBUG] 2018-10-16 22:29:40.856 [main] BasicTypeRegistry - Adding type registration imm_calendar -> org.hibernate.type.AdaptedImmutableType@1046d517
[DEBUG] 2018-10-16 22:29:40.857 [main] BasicTypeRegistry - Adding type registration imm_calendar_date -> org.hibernate.type.AdaptedImmutableType@3b7d3a38
[DEBUG] 2018-10-16 22:29:40.857 [main] BasicTypeRegistry - Adding type registration imm_binary -> org.hibernate.type.AdaptedImmutableType@416c58f5
[DEBUG] 2018-10-16 22:29:40.858 [main] BasicTypeRegistry - Adding type registration imm_serializable -> org.hibernate.type.AdaptedImmutableType@5505ae1a
[INFO ] 2018-10-16 22:29:40.875 [main] C3P0ConnectionProvider - HHH010002: C3P0 using driver: com.mysql.jdbc.Driver at URL: jdbc:mysql://localhost:3306/test_VetHunHelping
[INFO ] 2018-10-16 22:29:40.876 [main] C3P0ConnectionProvider - HHH10001001: Connection properties: {user=root, password=****}
[INFO ] 2018-10-16 22:29:40.876 [main] C3P0ConnectionProvider - HHH10001003: Autocommit mode: false
[INFO ] 2018-10-16 22:29:41.364 [main] C3P0ConnectionProvider - HHH10001007: JDBC isolation level: <unknown>
