[DEBUG] 2018-12-07 20:31:49.643 [http-nio-8080-exec-6] IntegratorServiceImpl - Adding Integrator [org.hibernate.cfg.beanvalidation.BeanValidationIntegrator].
[DEBUG] 2018-12-07 20:31:49.645 [http-nio-8080-exec-6] IntegratorServiceImpl - Adding Integrator [org.hibernate.secure.spi.JaccIntegrator].
[DEBUG] 2018-12-07 20:31:49.650 [http-nio-8080-exec-6] IntegratorServiceImpl - Adding Integrator [org.hibernate.cache.internal.CollectionCacheInvalidator].
[INFO ] 2018-12-07 20:31:49.879 [http-nio-8080-exec-6] Version - HHH000412: Hibernate Core {5.2.12.Final}
[INFO ] 2018-12-07 20:31:49.883 [http-nio-8080-exec-6] Environment - HHH000206: hibernate.properties not found
[DEBUG] 2018-12-07 20:31:50.029 [http-nio-8080-exec-6] LocalXmlResourceResolver - Interpreting public/system identifier : [-//Hibernate/Hibernate Configuration DTD//EN] - [http://www.hibernate.org/dtd/hibernate-configuration-3.0.dtd]
[DEBUG] 2018-12-07 20:31:50.030 [http-nio-8080-exec-6] LocalXmlResourceResolver - Recognized hibernate-configuration identifier; attempting to resolve on classpath under org/hibernate/
[DEBUG] 2018-12-07 20:31:50.103 [http-nio-8080-exec-6] JaxbCfgProcessor - cfg.xml document did not define namespaces; wrapping in custom event reader to introduce namespace information
[DEBUG] 2018-12-07 20:31:50.605 [http-nio-8080-exec-6] ServiceBinding - Overriding existing service binding [org.hibernate.secure.spi.JaccService]
[DEBUG] 2018-12-07 20:31:52.506 [http-nio-8080-exec-6] RegionFactoryInitiator - Cache region factory : org.hibernate.cache.internal.NoCachingRegionFactory
[INFO ] 2018-12-07 20:31:52.531 [http-nio-8080-exec-6] Version - HCANN000001: Hibernate Commons Annotations {5.0.1.Final}
[DEBUG] 2018-12-07 20:31:50.780 [http-nio-8080-exec-6] BasicTypeRegistry - Adding type registration boolean -> org.hibernate.type.BooleanType@bed403
[DEBUG] 2018-12-07 20:31:50.781 [http-nio-8080-exec-6] BasicTypeRegistry - Adding type registration boolean -> org.hibernate.type.BooleanType@bed403
[DEBUG] 2018-12-07 20:31:50.781 [http-nio-8080-exec-6] BasicTypeRegistry - Adding type registration java.lang.Boolean -> org.hibernate.type.BooleanType@bed403
[DEBUG] 2018-12-07 20:31:50.782 [http-nio-8080-exec-6] BasicTypeRegistry - Adding type registration numeric_boolean -> org.hibernate.type.NumericBooleanType@4969fc5a
[DEBUG] 2018-12-07 20:31:50.785 [http-nio-8080-exec-6] BasicTypeRegistry - Adding type registration true_false -> org.hibernate.type.TrueFalseType@3ee3e1f9
[DEBUG] 2018-12-07 20:31:50.786 [http-nio-8080-exec-6] BasicTypeRegistry - Adding type registration yes_no -> org.hibernate.type.YesNoType@5f127a0f
[DEBUG] 2018-12-07 20:31:50.791 [http-nio-8080-exec-6] BasicTypeRegistry - Adding type registration byte -> org.hibernate.type.ByteType@65776d92
[DEBUG] 2018-12-07 20:31:50.792 [http-nio-8080-exec-6] BasicTypeRegistry - Adding type registration byte -> org.hibernate.type.ByteType@65776d92
[DEBUG] 2018-12-07 20:31:50.792 [http-nio-8080-exec-6] BasicTypeRegistry - Adding type registration java.lang.Byte -> org.hibernate.type.ByteType@65776d92
[DEBUG] 2018-12-07 20:31:50.795 [http-nio-8080-exec-6] BasicTypeRegistry - Adding type registration character -> org.hibernate.type.CharacterType@437694d2
[DEBUG] 2018-12-07 20:31:50.796 [http-nio-8080-exec-6] BasicTypeRegistry - Adding type registration char -> org.hibernate.type.CharacterType@437694d2
[DEBUG] 2018-12-07 20:31:50.796 [http-nio-8080-exec-6] BasicTypeRegistry - Adding type registration java.lang.Character -> org.hibernate.type.CharacterType@437694d2
[DEBUG] 2018-12-07 20:31:50.801 [http-nio-8080-exec-6] BasicTypeRegistry - Adding type registration short -> org.hibernate.type.ShortType@7366a28a
[DEBUG] 2018-12-07 20:31:50.801 [http-nio-8080-exec-6] BasicTypeRegistry - Adding type registration short -> org.hibernate.type.ShortType@7366a28a
[DEBUG] 2018-12-07 20:31:50.801 [http-nio-8080-exec-6] BasicTypeRegistry - Adding type registration java.lang.Short -> org.hibernate.type.ShortType@7366a28a
[DEBUG] 2018-12-07 20:31:50.808 [http-nio-8080-exec-6] BasicTypeRegistry - Adding type registration integer -> org.hibernate.type.IntegerType@358ef222
[DEBUG] 2018-12-07 20:31:50.808 [http-nio-8080-exec-6] BasicTypeRegistry - Adding type registration int -> org.hibernate.type.IntegerType@358ef222
[DEBUG] 2018-12-07 20:31:50.808 [http-nio-8080-exec-6] BasicTypeRegistry - Adding type registration java.lang.Integer -> org.hibernate.type.IntegerType@358ef222
[DEBUG] 2018-12-07 20:31:50.810 [http-nio-8080-exec-6] BasicTypeRegistry - Adding type registration long -> org.hibernate.type.LongType@34052b96
[DEBUG] 2018-12-07 20:31:50.810 [http-nio-8080-exec-6] BasicTypeRegistry - Adding type registration long -> org.hibernate.type.LongType@34052b96
[DEBUG] 2018-12-07 20:31:50.810 [http-nio-8080-exec-6] BasicTypeRegistry - Adding type registration java.lang.Long -> org.hibernate.type.LongType@34052b96
[DEBUG] 2018-12-07 20:31:50.817 [http-nio-8080-exec-6] BasicTypeRegistry - Adding type registration float -> org.hibernate.type.FloatType@590b40ff
[DEBUG] 2018-12-07 20:31:50.817 [http-nio-8080-exec-6] BasicTypeRegistry - Adding type registration float -> org.hibernate.type.FloatType@590b40ff
[DEBUG] 2018-12-07 20:31:50.817 [http-nio-8080-exec-6] BasicTypeRegistry - Adding type registration java.lang.Float -> org.hibernate.type.FloatType@590b40ff
[DEBUG] 2018-12-07 20:31:50.819 [http-nio-8080-exec-6] BasicTypeRegistry - Adding type registration double -> org.hibernate.type.DoubleType@6889ee98
[DEBUG] 2018-12-07 20:31:50.819 [http-nio-8080-exec-6] BasicTypeRegistry - Adding type registration double -> org.hibernate.type.DoubleType@6889ee98
[DEBUG] 2018-12-07 20:31:50.822 [http-nio-8080-exec-6] BasicTypeRegistry - Adding type registration java.lang.Double -> org.hibernate.type.DoubleType@6889ee98
[DEBUG] 2018-12-07 20:31:50.829 [http-nio-8080-exec-6] BasicTypeRegistry - Adding type registration big_decimal -> org.hibernate.type.BigDecimalType@635a50df
[DEBUG] 2018-12-07 20:31:50.829 [http-nio-8080-exec-6] BasicTypeRegistry - Adding type registration java.math.BigDecimal -> org.hibernate.type.BigDecimalType@635a50df
[DEBUG] 2018-12-07 20:31:50.830 [http-nio-8080-exec-6] BasicTypeRegistry - Adding type registration big_integer -> org.hibernate.type.BigIntegerType@4d03f3fe
[DEBUG] 2018-12-07 20:31:50.830 [http-nio-8080-exec-6] BasicTypeRegistry - Adding type registration java.math.BigInteger -> org.hibernate.type.BigIntegerType@4d03f3fe
[DEBUG] 2018-12-07 20:31:50.831 [http-nio-8080-exec-6] BasicTypeRegistry - Adding type registration string -> org.hibernate.type.StringType@78f2135d
[DEBUG] 2018-12-07 20:31:50.832 [http-nio-8080-exec-6] BasicTypeRegistry - Adding type registration java.lang.String -> org.hibernate.type.StringType@78f2135d
[DEBUG] 2018-12-07 20:31:50.835 [http-nio-8080-exec-6] BasicTypeRegistry - Adding type registration nstring -> org.hibernate.type.StringNVarcharType@56cde418
[DEBUG] 2018-12-07 20:31:50.836 [http-nio-8080-exec-6] BasicTypeRegistry - Adding type registration ncharacter -> org.hibernate.type.CharacterNCharType@453fe0fe
[DEBUG] 2018-12-07 20:31:50.838 [http-nio-8080-exec-6] BasicTypeRegistry - Adding type registration url -> org.hibernate.type.UrlType@6d237141
[DEBUG] 2018-12-07 20:31:50.842 [http-nio-8080-exec-6] BasicTypeRegistry - Adding type registration java.net.URL -> org.hibernate.type.UrlType@6d237141
[DEBUG] 2018-12-07 20:31:50.846 [http-nio-8080-exec-6] BasicTypeRegistry - Adding type registration Duration -> org.hibernate.type.DurationType@4fa2f14b
[DEBUG] 2018-12-07 20:31:50.846 [http-nio-8080-exec-6] BasicTypeRegistry - Adding type registration java.time.Duration -> org.hibernate.type.DurationType@4fa2f14b
[DEBUG] 2018-12-07 20:31:50.903 [http-nio-8080-exec-6] BasicTypeRegistry - Adding type registration Instant -> org.hibernate.type.InstantType@26c21d92
[DEBUG] 2018-12-07 20:31:50.904 [http-nio-8080-exec-6] BasicTypeRegistry - Adding type registration java.time.Instant -> org.hibernate.type.InstantType@26c21d92
[DEBUG] 2018-12-07 20:31:50.909 [http-nio-8080-exec-6] BasicTypeRegistry - Adding type registration LocalDateTime -> org.hibernate.type.LocalDateTimeType@279e9dec
[DEBUG] 2018-12-07 20:31:50.910 [http-nio-8080-exec-6] BasicTypeRegistry - Adding type registration java.time.LocalDateTime -> org.hibernate.type.LocalDateTimeType@279e9dec
[DEBUG] 2018-12-07 20:31:50.912 [http-nio-8080-exec-6] BasicTypeRegistry - Adding type registration LocalDate -> org.hibernate.type.LocalDateType@5924ca20
[DEBUG] 2018-12-07 20:31:50.912 [http-nio-8080-exec-6] BasicTypeRegistry - Adding type registration java.time.LocalDate -> org.hibernate.type.LocalDateType@5924ca20
[DEBUG] 2018-12-07 20:31:50.918 [http-nio-8080-exec-6] BasicTypeRegistry - Adding type registration LocalTime -> org.hibernate.type.LocalTimeType@2ee2adcc
[DEBUG] 2018-12-07 20:31:50.918 [http-nio-8080-exec-6] BasicTypeRegistry - Adding type registration java.time.LocalTime -> org.hibernate.type.LocalTimeType@2ee2adcc
[DEBUG] 2018-12-07 20:31:50.946 [http-nio-8080-exec-6] BasicTypeRegistry - Adding type registration OffsetDateTime -> org.hibernate.type.OffsetDateTimeType@588d0d76
[DEBUG] 2018-12-07 20:31:50.946 [http-nio-8080-exec-6] BasicTypeRegistry - Adding type registration java.time.OffsetDateTime -> org.hibernate.type.OffsetDateTimeType@588d0d76
[DEBUG] 2018-12-07 20:31:50.949 [http-nio-8080-exec-6] BasicTypeRegistry - Adding type registration OffsetTime -> org.hibernate.type.OffsetTimeType@3bf08c97
[DEBUG] 2018-12-07 20:31:50.949 [http-nio-8080-exec-6] BasicTypeRegistry - Adding type registration java.time.OffsetTime -> org.hibernate.type.OffsetTimeType@3bf08c97
[DEBUG] 2018-12-07 20:31:50.966 [http-nio-8080-exec-6] BasicTypeRegistry - Adding type registration ZonedDateTime -> org.hibernate.type.ZonedDateTimeType@49885353
[DEBUG] 2018-12-07 20:31:50.966 [http-nio-8080-exec-6] BasicTypeRegistry - Adding type registration java.time.ZonedDateTime -> org.hibernate.type.ZonedDateTimeType@49885353
[DEBUG] 2018-12-07 20:31:50.968 [http-nio-8080-exec-6] BasicTypeRegistry - Adding type registration date -> org.hibernate.type.DateType@5bd3c409
[DEBUG] 2018-12-07 20:31:50.969 [http-nio-8080-exec-6] BasicTypeRegistry - Adding type registration java.sql.Date -> org.hibernate.type.DateType@5bd3c409
[DEBUG] 2018-12-07 20:31:50.973 [http-nio-8080-exec-6] BasicTypeRegistry - Adding type registration time -> org.hibernate.type.TimeType@7ecf1fbe
[DEBUG] 2018-12-07 20:31:50.973 [http-nio-8080-exec-6] BasicTypeRegistry - Adding type registration java.sql.Time -> org.hibernate.type.TimeType@7ecf1fbe
[DEBUG] 2018-12-07 20:31:50.978 [http-nio-8080-exec-6] BasicTypeRegistry - Adding type registration timestamp -> org.hibernate.type.TimestampType@2f8b389
[DEBUG] 2018-12-07 20:31:50.978 [http-nio-8080-exec-6] BasicTypeRegistry - Adding type registration java.sql.Timestamp -> org.hibernate.type.TimestampType@2f8b389
[DEBUG] 2018-12-07 20:31:50.978 [http-nio-8080-exec-6] BasicTypeRegistry - Adding type registration java.util.Date -> org.hibernate.type.TimestampType@2f8b389
[DEBUG] 2018-12-07 20:31:50.980 [http-nio-8080-exec-6] BasicTypeRegistry - Adding type registration dbtimestamp -> org.hibernate.type.DbTimestampType@7d5bdca9
[DEBUG] 2018-12-07 20:31:50.985 [http-nio-8080-exec-6] BasicTypeRegistry - Adding type registration calendar -> org.hibernate.type.CalendarType@2f5ca2f8
[DEBUG] 2018-12-07 20:31:50.985 [http-nio-8080-exec-6] BasicTypeRegistry - Adding type registration java.util.Calendar -> org.hibernate.type.CalendarType@2f5ca2f8
[DEBUG] 2018-12-07 20:31:50.985 [http-nio-8080-exec-6] BasicTypeRegistry - Adding type registration java.util.GregorianCalendar -> org.hibernate.type.CalendarType@2f5ca2f8
[DEBUG] 2018-12-07 20:31:50.986 [http-nio-8080-exec-6] BasicTypeRegistry - Adding type registration calendar_date -> org.hibernate.type.CalendarDateType@2d121286
[DEBUG] 2018-12-07 20:31:50.991 [http-nio-8080-exec-6] BasicTypeRegistry - Adding type registration locale -> org.hibernate.type.LocaleType@291ad140
[DEBUG] 2018-12-07 20:31:50.992 [http-nio-8080-exec-6] BasicTypeRegistry - Adding type registration java.util.Locale -> org.hibernate.type.LocaleType@291ad140
[DEBUG] 2018-12-07 20:31:50.993 [http-nio-8080-exec-6] BasicTypeRegistry - Adding type registration currency -> org.hibernate.type.CurrencyType@28665981
[DEBUG] 2018-12-07 20:31:50.999 [http-nio-8080-exec-6] BasicTypeRegistry - Adding type registration java.util.Currency -> org.hibernate.type.CurrencyType@28665981
[DEBUG] 2018-12-07 20:31:51.003 [http-nio-8080-exec-6] BasicTypeRegistry - Adding type registration timezone -> org.hibernate.type.TimeZoneType@6fbcf063
[DEBUG] 2018-12-07 20:31:51.003 [http-nio-8080-exec-6] BasicTypeRegistry - Adding type registration java.util.TimeZone -> org.hibernate.type.TimeZoneType@6fbcf063
[DEBUG] 2018-12-07 20:31:51.004 [http-nio-8080-exec-6] BasicTypeRegistry - Adding type registration class -> org.hibernate.type.ClassType@7016e102
[DEBUG] 2018-12-07 20:31:51.005 [http-nio-8080-exec-6] BasicTypeRegistry - Adding type registration java.lang.Class -> org.hibernate.type.ClassType@7016e102
[DEBUG] 2018-12-07 20:31:51.007 [http-nio-8080-exec-6] BasicTypeRegistry - Adding type registration uuid-binary -> org.hibernate.type.UUIDBinaryType@7f85dfba
[DEBUG] 2018-12-07 20:31:51.007 [http-nio-8080-exec-6] BasicTypeRegistry - Adding type registration java.util.UUID -> org.hibernate.type.UUIDBinaryType@7f85dfba
[DEBUG] 2018-12-07 20:31:51.009 [http-nio-8080-exec-6] BasicTypeRegistry - Adding type registration uuid-char -> org.hibernate.type.UUIDCharType@487794be
[DEBUG] 2018-12-07 20:31:51.011 [http-nio-8080-exec-6] BasicTypeRegistry - Adding type registration binary -> org.hibernate.type.BinaryType@5af2f988
[DEBUG] 2018-12-07 20:31:51.011 [http-nio-8080-exec-6] BasicTypeRegistry - Adding type registration byte[] -> org.hibernate.type.BinaryType@5af2f988
[DEBUG] 2018-12-07 20:31:51.011 [http-nio-8080-exec-6] BasicTypeRegistry - Adding type registration [B -> org.hibernate.type.BinaryType@5af2f988
[DEBUG] 2018-12-07 20:31:51.013 [http-nio-8080-exec-6] BasicTypeRegistry - Adding type registration wrapper-binary -> org.hibernate.type.WrapperBinaryType@18e5bff3
[DEBUG] 2018-12-07 20:31:51.013 [http-nio-8080-exec-6] BasicTypeRegistry - Adding type registration Byte[] -> org.hibernate.type.WrapperBinaryType@18e5bff3
[DEBUG] 2018-12-07 20:31:51.013 [http-nio-8080-exec-6] BasicTypeRegistry - Adding type registration [Ljava.lang.Byte; -> org.hibernate.type.WrapperBinaryType@18e5bff3
[DEBUG] 2018-12-07 20:31:51.014 [http-nio-8080-exec-6] BasicTypeRegistry - Adding type registration row_version -> org.hibernate.type.RowVersionType@42b836a8
[DEBUG] 2018-12-07 20:31:51.015 [http-nio-8080-exec-6] BasicTypeRegistry - Adding type registration image -> org.hibernate.type.ImageType@2374d162
[DEBUG] 2018-12-07 20:31:51.017 [http-nio-8080-exec-6] BasicTypeRegistry - Adding type registration characters -> org.hibernate.type.CharArrayType@7f655a0e
[DEBUG] 2018-12-07 20:31:51.017 [http-nio-8080-exec-6] BasicTypeRegistry - Adding type registration char[] -> org.hibernate.type.CharArrayType@7f655a0e
[DEBUG] 2018-12-07 20:31:51.017 [http-nio-8080-exec-6] BasicTypeRegistry - Adding type registration [C -> org.hibernate.type.CharArrayType@7f655a0e
[DEBUG] 2018-12-07 20:31:51.018 [http-nio-8080-exec-6] BasicTypeRegistry - Adding type registration wrapper-characters -> org.hibernate.type.CharacterArrayType@35b79e07
[DEBUG] 2018-12-07 20:31:51.018 [http-nio-8080-exec-6] BasicTypeRegistry - Adding type registration [Ljava.lang.Character; -> org.hibernate.type.CharacterArrayType@35b79e07
[DEBUG] 2018-12-07 20:31:51.018 [http-nio-8080-exec-6] BasicTypeRegistry - Adding type registration Character[] -> org.hibernate.type.CharacterArrayType@35b79e07
[DEBUG] 2018-12-07 20:31:51.019 [http-nio-8080-exec-6] BasicTypeRegistry - Adding type registration text -> org.hibernate.type.TextType@ccb0150
[DEBUG] 2018-12-07 20:31:51.020 [http-nio-8080-exec-6] BasicTypeRegistry - Adding type registration ntext -> org.hibernate.type.NTextType@2edff34a
[DEBUG] 2018-12-07 20:31:51.027 [http-nio-8080-exec-6] BasicTypeRegistry - Adding type registration blob -> org.hibernate.type.BlobType@3b9bdfff
[DEBUG] 2018-12-07 20:31:51.027 [http-nio-8080-exec-6] BasicTypeRegistry - Adding type registration java.sql.Blob -> org.hibernate.type.BlobType@3b9bdfff
[DEBUG] 2018-12-07 20:31:51.028 [http-nio-8080-exec-6] BasicTypeRegistry - Adding type registration materialized_blob -> org.hibernate.type.MaterializedBlobType@2cbaf36d
[DEBUG] 2018-12-07 20:31:51.034 [http-nio-8080-exec-6] BasicTypeRegistry - Adding type registration clob -> org.hibernate.type.ClobType@1e44d2bd
[DEBUG] 2018-12-07 20:31:51.034 [http-nio-8080-exec-6] BasicTypeRegistry - Adding type registration java.sql.Clob -> org.hibernate.type.ClobType@1e44d2bd
[DEBUG] 2018-12-07 20:31:51.045 [http-nio-8080-exec-6] BasicTypeRegistry - Adding type registration nclob -> org.hibernate.type.NClobType@7281b611
[DEBUG] 2018-12-07 20:31:51.045 [http-nio-8080-exec-6] BasicTypeRegistry - Adding type registration java.sql.NClob -> org.hibernate.type.NClobType@7281b611
[DEBUG] 2018-12-07 20:31:51.046 [http-nio-8080-exec-6] BasicTypeRegistry - Adding type registration materialized_clob -> org.hibernate.type.MaterializedClobType@6e17fdac
[DEBUG] 2018-12-07 20:31:51.046 [http-nio-8080-exec-6] BasicTypeRegistry - Adding type registration materialized_nclob -> org.hibernate.type.MaterializedNClobType@32b4ab55
[DEBUG] 2018-12-07 20:31:51.050 [http-nio-8080-exec-6] BasicTypeRegistry - Adding type registration serializable -> org.hibernate.type.SerializableType@724e4add
[DEBUG] 2018-12-07 20:31:51.057 [http-nio-8080-exec-6] BasicTypeRegistry - Adding type registration object -> org.hibernate.type.ObjectType@55db42d6
[DEBUG] 2018-12-07 20:31:51.058 [http-nio-8080-exec-6] BasicTypeRegistry - Adding type registration java.lang.Object -> org.hibernate.type.ObjectType@55db42d6
[DEBUG] 2018-12-07 20:31:51.060 [http-nio-8080-exec-6] BasicTypeRegistry - Adding type registration imm_date -> org.hibernate.type.AdaptedImmutableType@3f98d7c6
[DEBUG] 2018-12-07 20:31:51.060 [http-nio-8080-exec-6] BasicTypeRegistry - Adding type registration imm_time -> org.hibernate.type.AdaptedImmutableType@6d1e41ae
[DEBUG] 2018-12-07 20:31:51.060 [http-nio-8080-exec-6] BasicTypeRegistry - Adding type registration imm_timestamp -> org.hibernate.type.AdaptedImmutableType@3215f73f
[DEBUG] 2018-12-07 20:31:51.060 [http-nio-8080-exec-6] BasicTypeRegistry - Adding type registration imm_dbtimestamp -> org.hibernate.type.AdaptedImmutableType@55df7a32
[DEBUG] 2018-12-07 20:31:51.060 [http-nio-8080-exec-6] BasicTypeRegistry - Adding type registration imm_calendar -> org.hibernate.type.AdaptedImmutableType@2c00a1a8
[DEBUG] 2018-12-07 20:31:51.060 [http-nio-8080-exec-6] BasicTypeRegistry - Adding type registration imm_calendar_date -> org.hibernate.type.AdaptedImmutableType@338c86b7
[DEBUG] 2018-12-07 20:31:51.060 [http-nio-8080-exec-6] BasicTypeRegistry - Adding type registration imm_binary -> org.hibernate.type.AdaptedImmutableType@2ebd33f6
[DEBUG] 2018-12-07 20:31:51.061 [http-nio-8080-exec-6] BasicTypeRegistry - Adding type registration imm_serializable -> org.hibernate.type.AdaptedImmutableType@9dd2f9
[INFO ] 2018-12-07 20:31:51.076 [http-nio-8080-exec-6] C3P0ConnectionProvider - HHH010002: C3P0 using driver: com.mysql.jdbc.Driver at URL: jdbc:mysql://localhost:3306/test_VetHunHelping
[INFO ] 2018-12-07 20:31:51.077 [http-nio-8080-exec-6] C3P0ConnectionProvider - HHH10001001: Connection properties: {user=root, password=****}
[INFO ] 2018-12-07 20:31:51.077 [http-nio-8080-exec-6] C3P0ConnectionProvider - HHH10001003: Autocommit mode: false
[INFO ] 2018-12-07 20:31:51.871 [http-nio-8080-exec-6] C3P0ConnectionProvider - HHH10001007: JDBC isolation level: <unknown>
[DEBUG] 2018-12-07 20:31:52.770 [http-nio-8080-exec-6] JdbcEnvironmentInitiator - Database ->
       name : MySQL
    version : 5.7.24-0ubuntu0.16.04.1
      major : 5
      minor : 7
[DEBUG] 2018-12-07 20:31:52.775 [http-nio-8080-exec-6] JdbcEnvironmentInitiator - Driver ->
       name : MySQL Connector Java
    version : mysql-connector-java-5.1.39 ( Revision: 3289a357af6d09ecc1a10fd3c26e95183e5790ad )
      major : 5
      minor : 1
[DEBUG] 2018-12-07 20:31:52.775 [http-nio-8080-exec-6] JdbcEnvironmentInitiator - JDBC version : 4.0
[INFO ] 2018-12-07 20:31:52.832 [http-nio-8080-exec-6] Dialect - HHH000400: Using dialect: org.hibernate.dialect.MySQL5Dialect
[DEBUG] 2018-12-07 20:31:52.960 [http-nio-8080-exec-6] IdentifierHelperBuilder - JDBC driver metadata reported database stores quoted identifiers in more than one case
[DEBUG] 2018-12-07 20:31:52.981 [http-nio-8080-exec-6] IdentifierHelperBuilder - IdentifierCaseStrategy for both quoted and unquoted identifiers was set to the same strategy [MIXED]; that will likely lead to problems in schema update and validation if using quoted identifiers
[DEBUG] 2018-12-07 20:31:53.085 [http-nio-8080-exec-6] DefaultIdentifierGeneratorFactory - Registering IdentifierGenerator strategy [uuid2] -> [org.hibernate.id.UUIDGenerator]
[DEBUG] 2018-12-07 20:31:53.089 [http-nio-8080-exec-6] DefaultIdentifierGeneratorFactory - Registering IdentifierGenerator strategy [guid] -> [org.hibernate.id.GUIDGenerator]
[DEBUG] 2018-12-07 20:31:53.090 [http-nio-8080-exec-6] DefaultIdentifierGeneratorFactory - Registering IdentifierGenerator strategy [uuid] -> [org.hibernate.id.UUIDHexGenerator]
[DEBUG] 2018-12-07 20:31:53.092 [http-nio-8080-exec-6] DefaultIdentifierGeneratorFactory - Registering IdentifierGenerator strategy [uuid.hex] -> [org.hibernate.id.UUIDHexGenerator]
[DEBUG] 2018-12-07 20:31:53.093 [http-nio-8080-exec-6] DefaultIdentifierGeneratorFactory - Registering IdentifierGenerator strategy [assigned] -> [org.hibernate.id.Assigned]
[DEBUG] 2018-12-07 20:31:53.093 [http-nio-8080-exec-6] DefaultIdentifierGeneratorFactory - Registering IdentifierGenerator strategy [identity] -> [org.hibernate.id.IdentityGenerator]
[DEBUG] 2018-12-07 20:31:53.095 [http-nio-8080-exec-6] DefaultIdentifierGeneratorFactory - Registering IdentifierGenerator strategy [select] -> [org.hibernate.id.SelectGenerator]
[DEBUG] 2018-12-07 20:31:53.096 [http-nio-8080-exec-6] DefaultIdentifierGeneratorFactory - Registering IdentifierGenerator strategy [sequence] -> [org.hibernate.id.enhanced.SequenceStyleGenerator]
[DEBUG] 2018-12-07 20:31:53.099 [http-nio-8080-exec-6] DefaultIdentifierGeneratorFactory - Registering IdentifierGenerator strategy [seqhilo] -> [org.hibernate.id.SequenceHiLoGenerator]
[DEBUG] 2018-12-07 20:31:53.103 [http-nio-8080-exec-6] DefaultIdentifierGeneratorFactory - Registering IdentifierGenerator strategy [increment] -> [org.hibernate.id.IncrementGenerator]
[DEBUG] 2018-12-07 20:31:53.103 [http-nio-8080-exec-6] DefaultIdentifierGeneratorFactory - Registering IdentifierGenerator strategy [foreign] -> [org.hibernate.id.ForeignGenerator]
[DEBUG] 2018-12-07 20:31:53.104 [http-nio-8080-exec-6] DefaultIdentifierGeneratorFactory - Registering IdentifierGenerator strategy [sequence-identity] -> [org.hibernate.id.SequenceIdentityGenerator]
[DEBUG] 2018-12-07 20:31:53.104 [http-nio-8080-exec-6] DefaultIdentifierGeneratorFactory - Registering IdentifierGenerator strategy [enhanced-sequence] -> [org.hibernate.id.enhanced.SequenceStyleGenerator]
[DEBUG] 2018-12-07 20:31:53.105 [http-nio-8080-exec-6] DefaultIdentifierGeneratorFactory - Registering IdentifierGenerator strategy [enhanced-table] -> [org.hibernate.id.enhanced.TableGenerator]
[DEBUG] 2018-12-07 20:31:53.217 [http-nio-8080-exec-6] Namespace - Created database namespace [logicalName=Name{catalog=null, schema=null}, physicalName=Name{catalog=null, schema=null}]
[DEBUG] 2018-12-07 20:31:53.332 [http-nio-8080-exec-6] AnnotationBinder - Binding entity from annotated class: edu.matc.entity.User
[DEBUG] 2018-12-07 20:31:53.403 [http-nio-8080-exec-6] Ejb3Column - Binding column: Ejb3DiscriminatorColumn{logicalColumnName'DTYPE', discriminatorTypeName='string'}
[DEBUG] 2018-12-07 20:31:53.418 [http-nio-8080-exec-6] EntityBinder - Import with entity name User
[DEBUG] 2018-12-07 20:31:53.431 [http-nio-8080-exec-6] EntityBinder - Bind entity edu.matc.entity.User on table User
[DEBUG] 2018-12-07 20:31:53.502 [http-nio-8080-exec-6] Ejb3Column - Binding column: Ejb3Column{table=org.hibernate.mapping.Table(User), mappingColumn=id, insertable=true, updatable=true, unique=false}
[DEBUG] 2018-12-07 20:31:53.508 [http-nio-8080-exec-6] PropertyBinder - MetadataSourceProcessor property id with lazy=false
[DEBUG] 2018-12-07 20:31:53.511 [http-nio-8080-exec-6] AbstractPropertyHolder - Attempting to locate auto-apply AttributeConverter for property [edu.matc.entity.User:id]
[DEBUG] 2018-12-07 20:31:53.513 [http-nio-8080-exec-6] SimpleValueBinder - building SimpleValue for id
[DEBUG] 2018-12-07 20:31:53.517 [http-nio-8080-exec-6] PropertyBinder - Building property id
[DEBUG] 2018-12-07 20:31:53.533 [http-nio-8080-exec-6] Ejb3Column - Binding column: Ejb3JoinColumn{logicalColumnName='null', referencedColumn='null', mappedBy='hunter'}
[DEBUG] 2018-12-07 20:31:53.534 [http-nio-8080-exec-6] Ejb3Column - Binding column: Ejb3Column{table=org.hibernate.mapping.Table(User), mappingColumn=armorSet, insertable=true, updatable=true, unique=false}
[DEBUG] 2018-12-07 20:31:53.544 [http-nio-8080-exec-6] Ejb3Column - Binding column: Ejb3JoinColumn{logicalColumnName='null', referencedColumn='null', mappedBy='toUser'}
[DEBUG] 2018-12-07 20:31:53.544 [http-nio-8080-exec-6] Ejb3Column - Binding column: Ejb3Column{table=org.hibernate.mapping.Table(User), mappingColumn=messagesSet, insertable=true, updatable=true, unique=false}
[DEBUG] 2018-12-07 20:31:53.551 [http-nio-8080-exec-6] Ejb3Column - Binding column: Ejb3Column{table=org.hibernate.mapping.Table(User), mappingColumn=null, insertable=true, updatable=true, unique=false}
[DEBUG] 2018-12-07 20:31:53.584 [http-nio-8080-exec-6] Ejb3Column - Binding column: Ejb3Column{table=org.hibernate.mapping.Table(User), mappingColumn=element, insertable=true, updatable=true, unique=false}
[DEBUG] 2018-12-07 20:31:53.585 [http-nio-8080-exec-6] Ejb3Column - Binding column: Ejb3Column{table=org.hibernate.mapping.Table(User), mappingColumn=messagesSet_KEY, insertable=true, updatable=true, unique=false}
[DEBUG] 2018-12-07 20:31:53.588 [http-nio-8080-exec-6] Ejb3Column - Binding column: Ejb3JoinColumn{logicalColumnName='messagesSet_KEY', referencedColumn='null', mappedBy='null'}
[DEBUG] 2018-12-07 20:31:53.591 [http-nio-8080-exec-6] Ejb3Column - Binding column: Ejb3JoinColumn{logicalColumnName='null', referencedColumn='null', mappedBy='toUser'}
[DEBUG] 2018-12-07 20:31:53.591 [http-nio-8080-exec-6] Ejb3Column - Binding column: Ejb3JoinColumn{logicalColumnName='null', referencedColumn='null', mappedBy='toUser'}
[DEBUG] 2018-12-07 20:31:53.595 [http-nio-8080-exec-6] CollectionBinder - Collection role: edu.matc.entity.User.messagesSet
[DEBUG] 2018-12-07 20:31:53.601 [http-nio-8080-exec-6] PropertyBinder - Building property messagesSet
[DEBUG] 2018-12-07 20:31:53.604 [http-nio-8080-exec-6] Ejb3Column - Binding column: Ejb3Column{table=org.hibernate.mapping.Table(User), mappingColumn=Password, insertable=true, updatable=true, unique=false}
[DEBUG] 2018-12-07 20:31:53.606 [http-nio-8080-exec-6] PropertyBinder - MetadataSourceProcessor property password with lazy=false
[DEBUG] 2018-12-07 20:31:53.606 [http-nio-8080-exec-6] AbstractPropertyHolder - Attempting to locate auto-apply AttributeConverter for property [edu.matc.entity.User:password]
[DEBUG] 2018-12-07 20:31:53.606 [http-nio-8080-exec-6] SimpleValueBinder - building SimpleValue for password
[DEBUG] 2018-12-07 20:31:53.612 [http-nio-8080-exec-6] PropertyBinder - Building property password
[DEBUG] 2018-12-07 20:31:53.612 [http-nio-8080-exec-6] Ejb3Column - Binding column: Ejb3Column{table=org.hibernate.mapping.Table(User), mappingColumn=Rank, insertable=true, updatable=true, unique=false}
[DEBUG] 2018-12-07 20:31:53.613 [http-nio-8080-exec-6] PropertyBinder - MetadataSourceProcessor property rank with lazy=false
[DEBUG] 2018-12-07 20:31:53.613 [http-nio-8080-exec-6] AbstractPropertyHolder - Attempting to locate auto-apply AttributeConverter for property [edu.matc.entity.User:rank]
[DEBUG] 2018-12-07 20:31:53.613 [http-nio-8080-exec-6] SimpleValueBinder - building SimpleValue for rank
[DEBUG] 2018-12-07 20:31:53.613 [http-nio-8080-exec-6] PropertyBinder - Building property rank
[DEBUG] 2018-12-07 20:31:53.614 [http-nio-8080-exec-6] Ejb3Column - Binding column: Ejb3Column{table=org.hibernate.mapping.Table(User), mappingColumn=UserName, insertable=true, updatable=true, unique=false}
[DEBUG] 2018-12-07 20:31:53.614 [http-nio-8080-exec-6] PropertyBinder - MetadataSourceProcessor property username with lazy=false
[DEBUG] 2018-12-07 20:31:53.614 [http-nio-8080-exec-6] AbstractPropertyHolder - Attempting to locate auto-apply AttributeConverter for property [edu.matc.entity.User:username]
[DEBUG] 2018-12-07 20:31:53.615 [http-nio-8080-exec-6] SimpleValueBinder - building SimpleValue for username
[DEBUG] 2018-12-07 20:31:53.615 [http-nio-8080-exec-6] PropertyBinder - Building property username
[DEBUG] 2018-12-07 20:31:53.616 [http-nio-8080-exec-6] AnnotationBinder - Binding entity from annotated class: edu.matc.entity.Arms
[DEBUG] 2018-12-07 20:31:53.617 [http-nio-8080-exec-6] Ejb3Column - Binding column: Ejb3DiscriminatorColumn{logicalColumnName'DTYPE', discriminatorTypeName='string'}
[DEBUG] 2018-12-07 20:31:53.617 [http-nio-8080-exec-6] EntityBinder - Import with entity name Arms
[DEBUG] 2018-12-07 20:31:53.617 [http-nio-8080-exec-6] EntityBinder - Bind entity edu.matc.entity.Arms on table Arms
[DEBUG] 2018-12-07 20:31:53.619 [http-nio-8080-exec-6] Ejb3Column - Binding column: Ejb3Column{table=org.hibernate.mapping.Table(Arms), mappingColumn=id, insertable=true, updatable=true, unique=false}
[DEBUG] 2018-12-07 20:31:53.619 [http-nio-8080-exec-6] PropertyBinder - MetadataSourceProcessor property id with lazy=false
[DEBUG] 2018-12-07 20:31:53.619 [http-nio-8080-exec-6] AbstractPropertyHolder - Attempting to locate auto-apply AttributeConverter for property [edu.matc.entity.Arms:id]
[DEBUG] 2018-12-07 20:31:53.624 [http-nio-8080-exec-6] SimpleValueBinder - building SimpleValue for id
[DEBUG] 2018-12-07 20:31:53.624 [http-nio-8080-exec-6] PropertyBinder - Building property id
[DEBUG] 2018-12-07 20:31:53.625 [http-nio-8080-exec-6] Ejb3Column - Binding column: Ejb3Column{table=org.hibernate.mapping.Table(Arms), mappingColumn=name, insertable=true, updatable=true, unique=false}
[DEBUG] 2018-12-07 20:31:53.625 [http-nio-8080-exec-6] PropertyBinder - MetadataSourceProcessor property name with lazy=false
[DEBUG] 2018-12-07 20:31:53.625 [http-nio-8080-exec-6] AbstractPropertyHolder - Attempting to locate auto-apply AttributeConverter for property [edu.matc.entity.Arms:name]
[DEBUG] 2018-12-07 20:31:53.625 [http-nio-8080-exec-6] SimpleValueBinder - building SimpleValue for name
[DEBUG] 2018-12-07 20:31:53.625 [http-nio-8080-exec-6] PropertyBinder - Building property name
[DEBUG] 2018-12-07 20:31:53.625 [http-nio-8080-exec-6] AnnotationBinder - Binding entity from annotated class: edu.matc.entity.Chests
[DEBUG] 2018-12-07 20:31:53.626 [http-nio-8080-exec-6] Ejb3Column - Binding column: Ejb3DiscriminatorColumn{logicalColumnName'DTYPE', discriminatorTypeName='string'}
[DEBUG] 2018-12-07 20:31:53.626 [http-nio-8080-exec-6] EntityBinder - Import with entity name Chests
[DEBUG] 2018-12-07 20:31:53.626 [http-nio-8080-exec-6] EntityBinder - Bind entity edu.matc.entity.Chests on table Chests
[DEBUG] 2018-12-07 20:31:53.627 [http-nio-8080-exec-6] Ejb3Column - Binding column: Ejb3Column{table=org.hibernate.mapping.Table(Chests), mappingColumn=id, insertable=true, updatable=true, unique=false}
[DEBUG] 2018-12-07 20:31:53.627 [http-nio-8080-exec-6] PropertyBinder - MetadataSourceProcessor property id with lazy=false
[DEBUG] 2018-12-07 20:31:53.628 [http-nio-8080-exec-6] AbstractPropertyHolder - Attempting to locate auto-apply AttributeConverter for property [edu.matc.entity.Chests:id]
[DEBUG] 2018-12-07 20:31:53.628 [http-nio-8080-exec-6] SimpleValueBinder - building SimpleValue for id
[DEBUG] 2018-12-07 20:31:53.628 [http-nio-8080-exec-6] PropertyBinder - Building property id
[DEBUG] 2018-12-07 20:31:53.628 [http-nio-8080-exec-6] Ejb3Column - Binding column: Ejb3Column{table=org.hibernate.mapping.Table(Chests), mappingColumn=name, insertable=true, updatable=true, unique=false}
[DEBUG] 2018-12-07 20:31:53.628 [http-nio-8080-exec-6] PropertyBinder - MetadataSourceProcessor property name with lazy=false
[DEBUG] 2018-12-07 20:31:53.628 [http-nio-8080-exec-6] AbstractPropertyHolder - Attempting to locate auto-apply AttributeConverter for property [edu.matc.entity.Chests:name]
[DEBUG] 2018-12-07 20:31:53.628 [http-nio-8080-exec-6] SimpleValueBinder - building SimpleValue for name
[DEBUG] 2018-12-07 20:31:53.629 [http-nio-8080-exec-6] PropertyBinder - Building property name
[DEBUG] 2018-12-07 20:31:53.629 [http-nio-8080-exec-6] AnnotationBinder - Binding entity from annotated class: edu.matc.entity.Heads
[DEBUG] 2018-12-07 20:31:53.629 [http-nio-8080-exec-6] Ejb3Column - Binding column: Ejb3DiscriminatorColumn{logicalColumnName'DTYPE', discriminatorTypeName='string'}
[DEBUG] 2018-12-07 20:31:53.629 [http-nio-8080-exec-6] EntityBinder - Import with entity name Heads
[DEBUG] 2018-12-07 20:31:53.629 [http-nio-8080-exec-6] EntityBinder - Bind entity edu.matc.entity.Heads on table Heads
[DEBUG] 2018-12-07 20:31:53.637 [http-nio-8080-exec-6] Ejb3Column - Binding column: Ejb3Column{table=org.hibernate.mapping.Table(Heads), mappingColumn=id, insertable=true, updatable=true, unique=false}
[DEBUG] 2018-12-07 20:31:53.637 [http-nio-8080-exec-6] PropertyBinder - MetadataSourceProcessor property id with lazy=false
[DEBUG] 2018-12-07 20:31:53.637 [http-nio-8080-exec-6] AbstractPropertyHolder - Attempting to locate auto-apply AttributeConverter for property [edu.matc.entity.Heads:id]
[DEBUG] 2018-12-07 20:31:53.637 [http-nio-8080-exec-6] SimpleValueBinder - building SimpleValue for id
[DEBUG] 2018-12-07 20:31:53.637 [http-nio-8080-exec-6] PropertyBinder - Building property id
[DEBUG] 2018-12-07 20:31:53.638 [http-nio-8080-exec-6] Ejb3Column - Binding column: Ejb3Column{table=org.hibernate.mapping.Table(Heads), mappingColumn=name, insertable=true, updatable=true, unique=false}
[DEBUG] 2018-12-07 20:31:53.638 [http-nio-8080-exec-6] PropertyBinder - MetadataSourceProcessor property name with lazy=false
[DEBUG] 2018-12-07 20:31:53.638 [http-nio-8080-exec-6] AbstractPropertyHolder - Attempting to locate auto-apply AttributeConverter for property [edu.matc.entity.Heads:name]
[DEBUG] 2018-12-07 20:31:53.638 [http-nio-8080-exec-6] SimpleValueBinder - building SimpleValue for name
[DEBUG] 2018-12-07 20:31:53.638 [http-nio-8080-exec-6] PropertyBinder - Building property name
[DEBUG] 2018-12-07 20:31:53.638 [http-nio-8080-exec-6] AnnotationBinder - Binding entity from annotated class: edu.matc.entity.Legs
[DEBUG] 2018-12-07 20:31:53.638 [http-nio-8080-exec-6] Ejb3Column - Binding column: Ejb3DiscriminatorColumn{logicalColumnName'DTYPE', discriminatorTypeName='string'}
[DEBUG] 2018-12-07 20:31:53.639 [http-nio-8080-exec-6] EntityBinder - Import with entity name Legs
[DEBUG] 2018-12-07 20:31:53.639 [http-nio-8080-exec-6] EntityBinder - Bind entity edu.matc.entity.Legs on table Legs
[DEBUG] 2018-12-07 20:31:53.641 [http-nio-8080-exec-6] Ejb3Column - Binding column: Ejb3Column{table=org.hibernate.mapping.Table(Legs), mappingColumn=id, insertable=true, updatable=true, unique=false}
[DEBUG] 2018-12-07 20:31:53.641 [http-nio-8080-exec-6] PropertyBinder - MetadataSourceProcessor property id with lazy=false
[DEBUG] 2018-12-07 20:31:53.641 [http-nio-8080-exec-6] AbstractPropertyHolder - Attempting to locate auto-apply AttributeConverter for property [edu.matc.entity.Legs:id]
[DEBUG] 2018-12-07 20:31:53.641 [http-nio-8080-exec-6] SimpleValueBinder - building SimpleValue for id
[DEBUG] 2018-12-07 20:31:53.641 [http-nio-8080-exec-6] PropertyBinder - Building property id
[DEBUG] 2018-12-07 20:31:53.642 [http-nio-8080-exec-6] Ejb3Column - Binding column: Ejb3Column{table=org.hibernate.mapping.Table(Legs), mappingColumn=Name, insertable=true, updatable=true, unique=false}
[DEBUG] 2018-12-07 20:31:53.642 [http-nio-8080-exec-6] PropertyBinder - MetadataSourceProcessor property name with lazy=false
[DEBUG] 2018-12-07 20:31:53.643 [http-nio-8080-exec-6] AbstractPropertyHolder - Attempting to locate auto-apply AttributeConverter for property [edu.matc.entity.Legs:name]
[DEBUG] 2018-12-07 20:31:53.643 [http-nio-8080-exec-6] SimpleValueBinder - building SimpleValue for name
[DEBUG] 2018-12-07 20:31:53.643 [http-nio-8080-exec-6] PropertyBinder - Building property name
[DEBUG] 2018-12-07 20:31:53.644 [http-nio-8080-exec-6] AnnotationBinder - Binding entity from annotated class: edu.matc.entity.Waists
[DEBUG] 2018-12-07 20:31:53.644 [http-nio-8080-exec-6] Ejb3Column - Binding column: Ejb3DiscriminatorColumn{logicalColumnName'DTYPE', discriminatorTypeName='string'}
[DEBUG] 2018-12-07 20:31:53.646 [http-nio-8080-exec-6] EntityBinder - Import with entity name Waists
[DEBUG] 2018-12-07 20:31:53.646 [http-nio-8080-exec-6] EntityBinder - Bind entity edu.matc.entity.Waists on table Waists
[DEBUG] 2018-12-07 20:31:53.648 [http-nio-8080-exec-6] Ejb3Column - Binding column: Ejb3Column{table=org.hibernate.mapping.Table(Waists), mappingColumn=id, insertable=true, updatable=true, unique=false}
[DEBUG] 2018-12-07 20:31:53.649 [http-nio-8080-exec-6] PropertyBinder - MetadataSourceProcessor property id with lazy=false
[DEBUG] 2018-12-07 20:31:53.649 [http-nio-8080-exec-6] AbstractPropertyHolder - Attempting to locate auto-apply AttributeConverter for property [edu.matc.entity.Waists:id]
[DEBUG] 2018-12-07 20:31:53.649 [http-nio-8080-exec-6] SimpleValueBinder - building SimpleValue for id
[DEBUG] 2018-12-07 20:31:53.649 [http-nio-8080-exec-6] PropertyBinder - Building property id
[DEBUG] 2018-12-07 20:31:53.649 [http-nio-8080-exec-6] Ejb3Column - Binding column: Ejb3Column{table=org.hibernate.mapping.Table(Waists), mappingColumn=name, insertable=true, updatable=true, unique=false}
[DEBUG] 2018-12-07 20:31:53.649 [http-nio-8080-exec-6] PropertyBinder - MetadataSourceProcessor property name with lazy=false
[DEBUG] 2018-12-07 20:31:53.650 [http-nio-8080-exec-6] AbstractPropertyHolder - Attempting to locate auto-apply AttributeConverter for property [edu.matc.entity.Waists:name]
[DEBUG] 2018-12-07 20:31:53.652 [http-nio-8080-exec-6] SimpleValueBinder - building SimpleValue for name
[DEBUG] 2018-12-07 20:31:53.654 [http-nio-8080-exec-6] PropertyBinder - Building property name
[DEBUG] 2018-12-07 20:31:53.655 [http-nio-8080-exec-6] AnnotationBinder - Binding entity from annotated class: edu.matc.entity.Weapons
[DEBUG] 2018-12-07 20:31:53.655 [http-nio-8080-exec-6] Ejb3Column - Binding column: Ejb3DiscriminatorColumn{logicalColumnName'DTYPE', discriminatorTypeName='string'}
[DEBUG] 2018-12-07 20:31:53.655 [http-nio-8080-exec-6] EntityBinder - Import with entity name Weapons
[DEBUG] 2018-12-07 20:31:53.655 [http-nio-8080-exec-6] EntityBinder - Bind entity edu.matc.entity.Weapons on table Weapons
[DEBUG] 2018-12-07 20:31:53.659 [http-nio-8080-exec-6] Ejb3Column - Binding column: Ejb3Column{table=org.hibernate.mapping.Table(Weapons), mappingColumn=id, insertable=true, updatable=true, unique=false}
[DEBUG] 2018-12-07 20:31:53.660 [http-nio-8080-exec-6] PropertyBinder - MetadataSourceProcessor property id with lazy=false
[DEBUG] 2018-12-07 20:31:53.662 [http-nio-8080-exec-6] AbstractPropertyHolder - Attempting to locate auto-apply AttributeConverter for property [edu.matc.entity.Weapons:id]
[DEBUG] 2018-12-07 20:31:53.662 [http-nio-8080-exec-6] SimpleValueBinder - building SimpleValue for id
[DEBUG] 2018-12-07 20:31:53.662 [http-nio-8080-exec-6] PropertyBinder - Building property id
[DEBUG] 2018-12-07 20:31:53.665 [http-nio-8080-exec-6] Ejb3Column - Binding column: Ejb3Column{table=org.hibernate.mapping.Table(Weapons), mappingColumn=name, insertable=true, updatable=true, unique=false}
[DEBUG] 2018-12-07 20:31:53.665 [http-nio-8080-exec-6] PropertyBinder - MetadataSourceProcessor property name with lazy=false
[DEBUG] 2018-12-07 20:31:53.665 [http-nio-8080-exec-6] AbstractPropertyHolder - Attempting to locate auto-apply AttributeConverter for property [edu.matc.entity.Weapons:name]
[DEBUG] 2018-12-07 20:31:53.666 [http-nio-8080-exec-6] SimpleValueBinder - building SimpleValue for name
[DEBUG] 2018-12-07 20:31:53.666 [http-nio-8080-exec-6] PropertyBinder - Building property name
[DEBUG] 2018-12-07 20:31:53.666 [http-nio-8080-exec-6] AnnotationBinder - Binding entity from annotated class: edu.matc.entity.Messages
[DEBUG] 2018-12-07 20:31:53.666 [http-nio-8080-exec-6] Ejb3Column - Binding column: Ejb3DiscriminatorColumn{logicalColumnName'DTYPE', discriminatorTypeName='string'}
[DEBUG] 2018-12-07 20:31:53.666 [http-nio-8080-exec-6] EntityBinder - Import with entity name Messages
[DEBUG] 2018-12-07 20:31:53.666 [http-nio-8080-exec-6] EntityBinder - Bind entity edu.matc.entity.Messages on table Messages
[DEBUG] 2018-12-07 20:31:53.671 [http-nio-8080-exec-6] Ejb3Column - Binding column: Ejb3Column{table=org.hibernate.mapping.Table(Messages), mappingColumn=id, insertable=true, updatable=true, unique=false}
[DEBUG] 2018-12-07 20:31:53.671 [http-nio-8080-exec-6] PropertyBinder - MetadataSourceProcessor property id with lazy=false
[DEBUG] 2018-12-07 20:31:53.672 [http-nio-8080-exec-6] AbstractPropertyHolder - Attempting to locate auto-apply AttributeConverter for property [edu.matc.entity.Messages:id]
[DEBUG] 2018-12-07 20:31:53.672 [http-nio-8080-exec-6] SimpleValueBinder - building SimpleValue for id
[DEBUG] 2018-12-07 20:31:53.672 [http-nio-8080-exec-6] PropertyBinder - Building property id
[DEBUG] 2018-12-07 20:31:53.675 [http-nio-8080-exec-6] Ejb3Column - Binding column: Ejb3Column{table=org.hibernate.mapping.Table(Messages), mappingColumn=FromUser, insertable=true, updatable=true, unique=false}
[DEBUG] 2018-12-07 20:31:53.675 [http-nio-8080-exec-6] Ejb3Column - Binding column: Ejb3JoinColumn{logicalColumnName='null', referencedColumn='null', mappedBy='null'}
[DEBUG] 2018-12-07 20:31:54.508 [http-nio-8080-exec-8] IntegratorServiceImpl - Adding Integrator [org.hibernate.cfg.beanvalidation.BeanValidationIntegrator].
[DEBUG] 2018-12-07 20:31:54.511 [http-nio-8080-exec-8] IntegratorServiceImpl - Adding Integrator [org.hibernate.secure.spi.JaccIntegrator].
[DEBUG] 2018-12-07 20:31:54.511 [http-nio-8080-exec-8] IntegratorServiceImpl - Adding Integrator [org.hibernate.cache.internal.CollectionCacheInvalidator].
[DEBUG] 2018-12-07 20:31:54.561 [http-nio-8080-exec-8] LocalXmlResourceResolver - Interpreting public/system identifier : [-//Hibernate/Hibernate Configuration DTD//EN] - [http://www.hibernate.org/dtd/hibernate-configuration-3.0.dtd]
[DEBUG] 2018-12-07 20:31:54.567 [http-nio-8080-exec-8] LocalXmlResourceResolver - Recognized hibernate-configuration identifier; attempting to resolve on classpath under org/hibernate/
[DEBUG] 2018-12-07 20:31:54.582 [http-nio-8080-exec-8] JaxbCfgProcessor - cfg.xml document did not define namespaces; wrapping in custom event reader to introduce namespace information
[DEBUG] 2018-12-07 20:31:55.016 [http-nio-8080-exec-8] ServiceBinding - Overriding existing service binding [org.hibernate.secure.spi.JaccService]
[DEBUG] 2018-12-07 20:31:55.019 [http-nio-8080-exec-8] RegionFactoryInitiator - Cache region factory : org.hibernate.cache.internal.NoCachingRegionFactory
[DEBUG] 2018-12-07 20:31:55.030 [http-nio-8080-exec-8] BasicTypeRegistry - Adding type registration boolean -> org.hibernate.type.BooleanType@bed403
[DEBUG] 2018-12-07 20:31:55.030 [http-nio-8080-exec-8] BasicTypeRegistry - Adding type registration boolean -> org.hibernate.type.BooleanType@bed403
[DEBUG] 2018-12-07 20:31:55.030 [http-nio-8080-exec-8] BasicTypeRegistry - Adding type registration java.lang.Boolean -> org.hibernate.type.BooleanType@bed403
[DEBUG] 2018-12-07 20:31:55.030 [http-nio-8080-exec-8] BasicTypeRegistry - Adding type registration numeric_boolean -> org.hibernate.type.NumericBooleanType@4969fc5a
[DEBUG] 2018-12-07 20:31:55.030 [http-nio-8080-exec-8] BasicTypeRegistry - Adding type registration true_false -> org.hibernate.type.TrueFalseType@3ee3e1f9
[DEBUG] 2018-12-07 20:31:55.030 [http-nio-8080-exec-8] BasicTypeRegistry - Adding type registration yes_no -> org.hibernate.type.YesNoType@5f127a0f
[DEBUG] 2018-12-07 20:31:55.030 [http-nio-8080-exec-8] BasicTypeRegistry - Adding type registration byte -> org.hibernate.type.ByteType@65776d92
[DEBUG] 2018-12-07 20:31:55.030 [http-nio-8080-exec-8] BasicTypeRegistry - Adding type registration byte -> org.hibernate.type.ByteType@65776d92
[DEBUG] 2018-12-07 20:31:55.030 [http-nio-8080-exec-8] BasicTypeRegistry - Adding type registration java.lang.Byte -> org.hibernate.type.ByteType@65776d92
[DEBUG] 2018-12-07 20:31:55.030 [http-nio-8080-exec-8] BasicTypeRegistry - Adding type registration character -> org.hibernate.type.CharacterType@437694d2
[DEBUG] 2018-12-07 20:31:55.035 [http-nio-8080-exec-8] BasicTypeRegistry - Adding type registration char -> org.hibernate.type.CharacterType@437694d2
[DEBUG] 2018-12-07 20:31:55.035 [http-nio-8080-exec-8] BasicTypeRegistry - Adding type registration java.lang.Character -> org.hibernate.type.CharacterType@437694d2
[DEBUG] 2018-12-07 20:31:55.035 [http-nio-8080-exec-8] BasicTypeRegistry - Adding type registration short -> org.hibernate.type.ShortType@7366a28a
[DEBUG] 2018-12-07 20:31:55.035 [http-nio-8080-exec-8] BasicTypeRegistry - Adding type registration short -> org.hibernate.type.ShortType@7366a28a
[DEBUG] 2018-12-07 20:31:55.035 [http-nio-8080-exec-8] BasicTypeRegistry - Adding type registration java.lang.Short -> org.hibernate.type.ShortType@7366a28a
[DEBUG] 2018-12-07 20:31:55.035 [http-nio-8080-exec-8] BasicTypeRegistry - Adding type registration integer -> org.hibernate.type.IntegerType@358ef222
[DEBUG] 2018-12-07 20:31:55.035 [http-nio-8080-exec-8] BasicTypeRegistry - Adding type registration int -> org.hibernate.type.IntegerType@358ef222
[DEBUG] 2018-12-07 20:31:55.035 [http-nio-8080-exec-8] BasicTypeRegistry - Adding type registration java.lang.Integer -> org.hibernate.type.IntegerType@358ef222
[DEBUG] 2018-12-07 20:31:55.035 [http-nio-8080-exec-8] BasicTypeRegistry - Adding type registration long -> org.hibernate.type.LongType@34052b96
[DEBUG] 2018-12-07 20:31:55.041 [http-nio-8080-exec-8] BasicTypeRegistry - Adding type registration long -> org.hibernate.type.LongType@34052b96
[DEBUG] 2018-12-07 20:31:55.042 [http-nio-8080-exec-8] BasicTypeRegistry - Adding type registration java.lang.Long -> org.hibernate.type.LongType@34052b96
[DEBUG] 2018-12-07 20:31:55.042 [http-nio-8080-exec-8] BasicTypeRegistry - Adding type registration float -> org.hibernate.type.FloatType@590b40ff
[DEBUG] 2018-12-07 20:31:55.042 [http-nio-8080-exec-8] BasicTypeRegistry - Adding type registration float -> org.hibernate.type.FloatType@590b40ff
[DEBUG] 2018-12-07 20:31:55.042 [http-nio-8080-exec-8] BasicTypeRegistry - Adding type registration java.lang.Float -> org.hibernate.type.FloatType@590b40ff
[DEBUG] 2018-12-07 20:31:55.042 [http-nio-8080-exec-8] BasicTypeRegistry - Adding type registration double -> org.hibernate.type.DoubleType@6889ee98
[DEBUG] 2018-12-07 20:31:55.042 [http-nio-8080-exec-8] BasicTypeRegistry - Adding type registration double -> org.hibernate.type.DoubleType@6889ee98
[DEBUG] 2018-12-07 20:31:55.042 [http-nio-8080-exec-8] BasicTypeRegistry - Adding type registration java.lang.Double -> org.hibernate.type.DoubleType@6889ee98
[DEBUG] 2018-12-07 20:31:55.042 [http-nio-8080-exec-8] BasicTypeRegistry - Adding type registration big_decimal -> org.hibernate.type.BigDecimalType@635a50df
[DEBUG] 2018-12-07 20:31:55.042 [http-nio-8080-exec-8] BasicTypeRegistry - Adding type registration java.math.BigDecimal -> org.hibernate.type.BigDecimalType@635a50df
[DEBUG] 2018-12-07 20:31:55.042 [http-nio-8080-exec-8] BasicTypeRegistry - Adding type registration big_integer -> org.hibernate.type.BigIntegerType@4d03f3fe
[DEBUG] 2018-12-07 20:31:55.042 [http-nio-8080-exec-8] BasicTypeRegistry - Adding type registration java.math.BigInteger -> org.hibernate.type.BigIntegerType@4d03f3fe
[DEBUG] 2018-12-07 20:31:55.042 [http-nio-8080-exec-8] BasicTypeRegistry - Adding type registration string -> org.hibernate.type.StringType@78f2135d
[DEBUG] 2018-12-07 20:31:55.042 [http-nio-8080-exec-8] BasicTypeRegistry - Adding type registration java.lang.String -> org.hibernate.type.StringType@78f2135d
[DEBUG] 2018-12-07 20:31:55.042 [http-nio-8080-exec-8] BasicTypeRegistry - Adding type registration nstring -> org.hibernate.type.StringNVarcharType@56cde418
[DEBUG] 2018-12-07 20:31:55.042 [http-nio-8080-exec-8] BasicTypeRegistry - Adding type registration ncharacter -> org.hibernate.type.CharacterNCharType@453fe0fe
[DEBUG] 2018-12-07 20:31:55.042 [http-nio-8080-exec-8] BasicTypeRegistry - Adding type registration url -> org.hibernate.type.UrlType@6d237141
[DEBUG] 2018-12-07 20:31:55.043 [http-nio-8080-exec-8] BasicTypeRegistry - Adding type registration java.net.URL -> org.hibernate.type.UrlType@6d237141
[DEBUG] 2018-12-07 20:31:55.043 [http-nio-8080-exec-8] BasicTypeRegistry - Adding type registration Duration -> org.hibernate.type.DurationType@4fa2f14b
[DEBUG] 2018-12-07 20:31:55.043 [http-nio-8080-exec-8] BasicTypeRegistry - Adding type registration java.time.Duration -> org.hibernate.type.DurationType@4fa2f14b
[DEBUG] 2018-12-07 20:31:55.043 [http-nio-8080-exec-8] BasicTypeRegistry - Adding type registration Instant -> org.hibernate.type.InstantType@26c21d92
[DEBUG] 2018-12-07 20:31:55.043 [http-nio-8080-exec-8] BasicTypeRegistry - Adding type registration java.time.Instant -> org.hibernate.type.InstantType@26c21d92
[DEBUG] 2018-12-07 20:31:55.043 [http-nio-8080-exec-8] BasicTypeRegistry - Adding type registration LocalDateTime -> org.hibernate.type.LocalDateTimeType@279e9dec
[DEBUG] 2018-12-07 20:31:55.046 [http-nio-8080-exec-8] BasicTypeRegistry - Adding type registration java.time.LocalDateTime -> org.hibernate.type.LocalDateTimeType@279e9dec
[DEBUG] 2018-12-07 20:31:55.046 [http-nio-8080-exec-8] BasicTypeRegistry - Adding type registration LocalDate -> org.hibernate.type.LocalDateType@5924ca20
[DEBUG] 2018-12-07 20:31:55.046 [http-nio-8080-exec-8] BasicTypeRegistry - Adding type registration java.time.LocalDate -> org.hibernate.type.LocalDateType@5924ca20
[DEBUG] 2018-12-07 20:31:55.046 [http-nio-8080-exec-8] BasicTypeRegistry - Adding type registration LocalTime -> org.hibernate.type.LocalTimeType@2ee2adcc
[DEBUG] 2018-12-07 20:31:55.046 [http-nio-8080-exec-8] BasicTypeRegistry - Adding type registration java.time.LocalTime -> org.hibernate.type.LocalTimeType@2ee2adcc
[DEBUG] 2018-12-07 20:31:55.046 [http-nio-8080-exec-8] BasicTypeRegistry - Adding type registration OffsetDateTime -> org.hibernate.type.OffsetDateTimeType@588d0d76
[DEBUG] 2018-12-07 20:31:55.046 [http-nio-8080-exec-8] BasicTypeRegistry - Adding type registration java.time.OffsetDateTime -> org.hibernate.type.OffsetDateTimeType@588d0d76
[DEBUG] 2018-12-07 20:31:55.046 [http-nio-8080-exec-8] BasicTypeRegistry - Adding type registration OffsetTime -> org.hibernate.type.OffsetTimeType@3bf08c97
[DEBUG] 2018-12-07 20:31:55.046 [http-nio-8080-exec-8] BasicTypeRegistry - Adding type registration java.time.OffsetTime -> org.hibernate.type.OffsetTimeType@3bf08c97
[DEBUG] 2018-12-07 20:31:55.046 [http-nio-8080-exec-8] BasicTypeRegistry - Adding type registration ZonedDateTime -> org.hibernate.type.ZonedDateTimeType@49885353
[DEBUG] 2018-12-07 20:31:55.046 [http-nio-8080-exec-8] BasicTypeRegistry - Adding type registration java.time.ZonedDateTime -> org.hibernate.type.ZonedDateTimeType@49885353
[DEBUG] 2018-12-07 20:31:55.046 [http-nio-8080-exec-8] BasicTypeRegistry - Adding type registration date -> org.hibernate.type.DateType@5bd3c409
[DEBUG] 2018-12-07 20:31:55.046 [http-nio-8080-exec-8] BasicTypeRegistry - Adding type registration java.sql.Date -> org.hibernate.type.DateType@5bd3c409
[DEBUG] 2018-12-07 20:31:55.046 [http-nio-8080-exec-8] BasicTypeRegistry - Adding type registration time -> org.hibernate.type.TimeType@7ecf1fbe
[DEBUG] 2018-12-07 20:31:55.051 [http-nio-8080-exec-8] BasicTypeRegistry - Adding type registration java.sql.Time -> org.hibernate.type.TimeType@7ecf1fbe
[DEBUG] 2018-12-07 20:31:55.052 [http-nio-8080-exec-8] BasicTypeRegistry - Adding type registration timestamp -> org.hibernate.type.TimestampType@2f8b389
[DEBUG] 2018-12-07 20:31:55.052 [http-nio-8080-exec-8] BasicTypeRegistry - Adding type registration java.sql.Timestamp -> org.hibernate.type.TimestampType@2f8b389
[DEBUG] 2018-12-07 20:31:55.052 [http-nio-8080-exec-8] BasicTypeRegistry - Adding type registration java.util.Date -> org.hibernate.type.TimestampType@2f8b389
[DEBUG] 2018-12-07 20:31:55.052 [http-nio-8080-exec-8] BasicTypeRegistry - Adding type registration dbtimestamp -> org.hibernate.type.DbTimestampType@7d5bdca9
[DEBUG] 2018-12-07 20:31:55.052 [http-nio-8080-exec-8] BasicTypeRegistry - Adding type registration calendar -> org.hibernate.type.CalendarType@2f5ca2f8
[DEBUG] 2018-12-07 20:31:55.052 [http-nio-8080-exec-8] BasicTypeRegistry - Adding type registration java.util.Calendar -> org.hibernate.type.CalendarType@2f5ca2f8
[DEBUG] 2018-12-07 20:31:55.052 [http-nio-8080-exec-8] BasicTypeRegistry - Adding type registration java.util.GregorianCalendar -> org.hibernate.type.CalendarType@2f5ca2f8
[DEBUG] 2018-12-07 20:31:55.052 [http-nio-8080-exec-8] BasicTypeRegistry - Adding type registration calendar_date -> org.hibernate.type.CalendarDateType@2d121286
[DEBUG] 2018-12-07 20:31:55.052 [http-nio-8080-exec-8] BasicTypeRegistry - Adding type registration locale -> org.hibernate.type.LocaleType@291ad140
[DEBUG] 2018-12-07 20:31:55.052 [http-nio-8080-exec-8] BasicTypeRegistry - Adding type registration java.util.Locale -> org.hibernate.type.LocaleType@291ad140
[DEBUG] 2018-12-07 20:31:55.052 [http-nio-8080-exec-8] BasicTypeRegistry - Adding type registration currency -> org.hibernate.type.CurrencyType@28665981
[DEBUG] 2018-12-07 20:31:55.052 [http-nio-8080-exec-8] BasicTypeRegistry - Adding type registration java.util.Currency -> org.hibernate.type.CurrencyType@28665981
[DEBUG] 2018-12-07 20:31:55.052 [http-nio-8080-exec-8] BasicTypeRegistry - Adding type registration timezone -> org.hibernate.type.TimeZoneType@6fbcf063
[DEBUG] 2018-12-07 20:31:55.057 [http-nio-8080-exec-8] BasicTypeRegistry - Adding type registration java.util.TimeZone -> org.hibernate.type.TimeZoneType@6fbcf063
[DEBUG] 2018-12-07 20:31:55.057 [http-nio-8080-exec-8] BasicTypeRegistry - Adding type registration class -> org.hibernate.type.ClassType@7016e102
[DEBUG] 2018-12-07 20:31:55.057 [http-nio-8080-exec-8] BasicTypeRegistry - Adding type registration java.lang.Class -> org.hibernate.type.ClassType@7016e102
[DEBUG] 2018-12-07 20:31:55.057 [http-nio-8080-exec-8] BasicTypeRegistry - Adding type registration uuid-binary -> org.hibernate.type.UUIDBinaryType@7f85dfba
[DEBUG] 2018-12-07 20:31:55.057 [http-nio-8080-exec-8] BasicTypeRegistry - Adding type registration java.util.UUID -> org.hibernate.type.UUIDBinaryType@7f85dfba
[DEBUG] 2018-12-07 20:31:55.057 [http-nio-8080-exec-8] BasicTypeRegistry - Adding type registration uuid-char -> org.hibernate.type.UUIDCharType@487794be
[DEBUG] 2018-12-07 20:31:55.057 [http-nio-8080-exec-8] BasicTypeRegistry - Adding type registration binary -> org.hibernate.type.BinaryType@5af2f988
[DEBUG] 2018-12-07 20:31:55.057 [http-nio-8080-exec-8] BasicTypeRegistry - Adding type registration byte[] -> org.hibernate.type.BinaryType@5af2f988
[DEBUG] 2018-12-07 20:31:55.057 [http-nio-8080-exec-8] BasicTypeRegistry - Adding type registration [B -> org.hibernate.type.BinaryType@5af2f988
[DEBUG] 2018-12-07 20:31:55.057 [http-nio-8080-exec-8] BasicTypeRegistry - Adding type registration wrapper-binary -> org.hibernate.type.WrapperBinaryType@18e5bff3
[DEBUG] 2018-12-07 20:31:55.057 [http-nio-8080-exec-8] BasicTypeRegistry - Adding type registration Byte[] -> org.hibernate.type.WrapperBinaryType@18e5bff3
[DEBUG] 2018-12-07 20:31:55.057 [http-nio-8080-exec-8] BasicTypeRegistry - Adding type registration [Ljava.lang.Byte; -> org.hibernate.type.WrapperBinaryType@18e5bff3
[DEBUG] 2018-12-07 20:31:55.061 [http-nio-8080-exec-8] BasicTypeRegistry - Adding type registration row_version -> org.hibernate.type.RowVersionType@42b836a8
[DEBUG] 2018-12-07 20:31:55.061 [http-nio-8080-exec-8] BasicTypeRegistry - Adding type registration image -> org.hibernate.type.ImageType@2374d162
[DEBUG] 2018-12-07 20:31:55.061 [http-nio-8080-exec-8] BasicTypeRegistry - Adding type registration characters -> org.hibernate.type.CharArrayType@7f655a0e
[DEBUG] 2018-12-07 20:31:55.061 [http-nio-8080-exec-8] BasicTypeRegistry - Adding type registration char[] -> org.hibernate.type.CharArrayType@7f655a0e
[DEBUG] 2018-12-07 20:31:55.061 [http-nio-8080-exec-8] BasicTypeRegistry - Adding type registration [C -> org.hibernate.type.CharArrayType@7f655a0e
[DEBUG] 2018-12-07 20:31:55.061 [http-nio-8080-exec-8] BasicTypeRegistry - Adding type registration wrapper-characters -> org.hibernate.type.CharacterArrayType@35b79e07
[DEBUG] 2018-12-07 20:31:55.061 [http-nio-8080-exec-8] BasicTypeRegistry - Adding type registration [Ljava.lang.Character; -> org.hibernate.type.CharacterArrayType@35b79e07
[DEBUG] 2018-12-07 20:31:55.061 [http-nio-8080-exec-8] BasicTypeRegistry - Adding type registration Character[] -> org.hibernate.type.CharacterArrayType@35b79e07
[DEBUG] 2018-12-07 20:31:55.061 [http-nio-8080-exec-8] BasicTypeRegistry - Adding type registration text -> org.hibernate.type.TextType@ccb0150
[DEBUG] 2018-12-07 20:31:55.061 [http-nio-8080-exec-8] BasicTypeRegistry - Adding type registration ntext -> org.hibernate.type.NTextType@2edff34a
[DEBUG] 2018-12-07 20:31:55.064 [http-nio-8080-exec-8] BasicTypeRegistry - Adding type registration blob -> org.hibernate.type.BlobType@3b9bdfff
[DEBUG] 2018-12-07 20:31:55.064 [http-nio-8080-exec-8] BasicTypeRegistry - Adding type registration java.sql.Blob -> org.hibernate.type.BlobType@3b9bdfff
[DEBUG] 2018-12-07 20:31:55.064 [http-nio-8080-exec-8] BasicTypeRegistry - Adding type registration materialized_blob -> org.hibernate.type.MaterializedBlobType@2cbaf36d
[DEBUG] 2018-12-07 20:31:55.067 [http-nio-8080-exec-8] BasicTypeRegistry - Adding type registration clob -> org.hibernate.type.ClobType@1e44d2bd
[DEBUG] 2018-12-07 20:31:55.067 [http-nio-8080-exec-8] BasicTypeRegistry - Adding type registration java.sql.Clob -> org.hibernate.type.ClobType@1e44d2bd
[DEBUG] 2018-12-07 20:31:55.067 [http-nio-8080-exec-8] BasicTypeRegistry - Adding type registration nclob -> org.hibernate.type.NClobType@7281b611
[DEBUG] 2018-12-07 20:31:55.067 [http-nio-8080-exec-8] BasicTypeRegistry - Adding type registration java.sql.NClob -> org.hibernate.type.NClobType@7281b611
[DEBUG] 2018-12-07 20:31:55.067 [http-nio-8080-exec-8] BasicTypeRegistry - Adding type registration materialized_clob -> org.hibernate.type.MaterializedClobType@6e17fdac
[DEBUG] 2018-12-07 20:31:55.067 [http-nio-8080-exec-8] BasicTypeRegistry - Adding type registration materialized_nclob -> org.hibernate.type.MaterializedNClobType@32b4ab55
[DEBUG] 2018-12-07 20:31:55.067 [http-nio-8080-exec-8] BasicTypeRegistry - Adding type registration serializable -> org.hibernate.type.SerializableType@724e4add
[DEBUG] 2018-12-07 20:31:55.067 [http-nio-8080-exec-8] BasicTypeRegistry - Adding type registration object -> org.hibernate.type.ObjectType@55db42d6
[DEBUG] 2018-12-07 20:31:55.067 [http-nio-8080-exec-8] BasicTypeRegistry - Adding type registration java.lang.Object -> org.hibernate.type.ObjectType@55db42d6
[DEBUG] 2018-12-07 20:31:55.068 [http-nio-8080-exec-8] BasicTypeRegistry - Adding type registration imm_date -> org.hibernate.type.AdaptedImmutableType@47c03b16
[DEBUG] 2018-12-07 20:31:55.068 [http-nio-8080-exec-8] BasicTypeRegistry - Adding type registration imm_time -> org.hibernate.type.AdaptedImmutableType@d5e221d
[DEBUG] 2018-12-07 20:31:55.068 [http-nio-8080-exec-8] BasicTypeRegistry - Adding type registration imm_timestamp -> org.hibernate.type.AdaptedImmutableType@3f991f64
[DEBUG] 2018-12-07 20:31:55.068 [http-nio-8080-exec-8] BasicTypeRegistry - Adding type registration imm_dbtimestamp -> org.hibernate.type.AdaptedImmutableType@13ec30e8
[DEBUG] 2018-12-07 20:31:55.068 [http-nio-8080-exec-8] BasicTypeRegistry - Adding type registration imm_calendar -> org.hibernate.type.AdaptedImmutableType@5532a108
[DEBUG] 2018-12-07 20:31:55.068 [http-nio-8080-exec-8] BasicTypeRegistry - Adding type registration imm_calendar_date -> org.hibernate.type.AdaptedImmutableType@29003f79
[DEBUG] 2018-12-07 20:31:55.068 [http-nio-8080-exec-8] BasicTypeRegistry - Adding type registration imm_binary -> org.hibernate.type.AdaptedImmutableType@5e957702
[DEBUG] 2018-12-07 20:31:55.068 [http-nio-8080-exec-8] BasicTypeRegistry - Adding type registration imm_serializable -> org.hibernate.type.AdaptedImmutableType@2c8c6748
[INFO ] 2018-12-07 20:31:55.078 [http-nio-8080-exec-8] C3P0ConnectionProvider - HHH010002: C3P0 using driver: com.mysql.jdbc.Driver at URL: jdbc:mysql://localhost:3306/test_VetHunHelping
[INFO ] 2018-12-07 20:31:55.078 [http-nio-8080-exec-8] C3P0ConnectionProvider - HHH10001001: Connection properties: {user=root, password=****}
[INFO ] 2018-12-07 20:31:55.078 [http-nio-8080-exec-8] C3P0ConnectionProvider - HHH10001003: Autocommit mode: false
[INFO ] 2018-12-07 20:31:55.531 [http-nio-8080-exec-8] C3P0ConnectionProvider - HHH10001007: JDBC isolation level: <unknown>
[DEBUG] 2018-12-07 20:31:55.604 [http-nio-8080-exec-8] JdbcEnvironmentInitiator - Database ->
       name : MySQL
    version : 5.7.24-0ubuntu0.16.04.1
      major : 5
      minor : 7
[DEBUG] 2018-12-07 20:31:55.604 [http-nio-8080-exec-8] JdbcEnvironmentInitiator - Driver ->
       name : MySQL Connector Java
    version : mysql-connector-java-5.1.39 ( Revision: 3289a357af6d09ecc1a10fd3c26e95183e5790ad )
      major : 5
      minor : 1
[DEBUG] 2018-12-07 20:31:55.604 [http-nio-8080-exec-8] JdbcEnvironmentInitiator - JDBC version : 4.0
[INFO ] 2018-12-07 20:31:55.604 [http-nio-8080-exec-8] Dialect - HHH000400: Using dialect: org.hibernate.dialect.MySQL5Dialect
[DEBUG] 2018-12-07 20:31:55.621 [http-nio-8080-exec-8] IdentifierHelperBuilder - JDBC driver metadata reported database stores quoted identifiers in more than one case
[DEBUG] 2018-12-07 20:31:55.622 [http-nio-8080-exec-8] IdentifierHelperBuilder - IdentifierCaseStrategy for both quoted and unquoted identifiers was set to the same strategy [MIXED]; that will likely lead to problems in schema update and validation if using quoted identifiers
[DEBUG] 2018-12-07 20:31:55.658 [http-nio-8080-exec-8] DefaultIdentifierGeneratorFactory - Registering IdentifierGenerator strategy [uuid2] -> [org.hibernate.id.UUIDGenerator]
[DEBUG] 2018-12-07 20:31:55.658 [http-nio-8080-exec-8] DefaultIdentifierGeneratorFactory - Registering IdentifierGenerator strategy [guid] -> [org.hibernate.id.GUIDGenerator]
[DEBUG] 2018-12-07 20:31:55.658 [http-nio-8080-exec-8] DefaultIdentifierGeneratorFactory - Registering IdentifierGenerator strategy [uuid] -> [org.hibernate.id.UUIDHexGenerator]
[DEBUG] 2018-12-07 20:31:55.658 [http-nio-8080-exec-8] DefaultIdentifierGeneratorFactory - Registering IdentifierGenerator strategy [uuid.hex] -> [org.hibernate.id.UUIDHexGenerator]
[DEBUG] 2018-12-07 20:31:55.658 [http-nio-8080-exec-8] DefaultIdentifierGeneratorFactory - Registering IdentifierGenerator strategy [assigned] -> [org.hibernate.id.Assigned]
[DEBUG] 2018-12-07 20:31:55.658 [http-nio-8080-exec-8] DefaultIdentifierGeneratorFactory - Registering IdentifierGenerator strategy [identity] -> [org.hibernate.id.IdentityGenerator]
[DEBUG] 2018-12-07 20:31:55.658 [http-nio-8080-exec-8] DefaultIdentifierGeneratorFactory - Registering IdentifierGenerator strategy [select] -> [org.hibernate.id.SelectGenerator]
[DEBUG] 2018-12-07 20:31:55.658 [http-nio-8080-exec-8] DefaultIdentifierGeneratorFactory - Registering IdentifierGenerator strategy [sequence] -> [org.hibernate.id.enhanced.SequenceStyleGenerator]
[DEBUG] 2018-12-07 20:31:55.658 [http-nio-8080-exec-8] DefaultIdentifierGeneratorFactory - Registering IdentifierGenerator strategy [seqhilo] -> [org.hibernate.id.SequenceHiLoGenerator]
[DEBUG] 2018-12-07 20:31:55.658 [http-nio-8080-exec-8] DefaultIdentifierGeneratorFactory - Registering IdentifierGenerator strategy [increment] -> [org.hibernate.id.IncrementGenerator]
[DEBUG] 2018-12-07 20:31:55.658 [http-nio-8080-exec-8] DefaultIdentifierGeneratorFactory - Registering IdentifierGenerator strategy [foreign] -> [org.hibernate.id.ForeignGenerator]
[DEBUG] 2018-12-07 20:31:55.658 [http-nio-8080-exec-8] DefaultIdentifierGeneratorFactory - Registering IdentifierGenerator strategy [sequence-identity] -> [org.hibernate.id.SequenceIdentityGenerator]
[DEBUG] 2018-12-07 20:31:55.659 [http-nio-8080-exec-8] DefaultIdentifierGeneratorFactory - Registering IdentifierGenerator strategy [enhanced-sequence] -> [org.hibernate.id.enhanced.SequenceStyleGenerator]
[DEBUG] 2018-12-07 20:31:55.670 [http-nio-8080-exec-8] DefaultIdentifierGeneratorFactory - Registering IdentifierGenerator strategy [enhanced-table] -> [org.hibernate.id.enhanced.TableGenerator]
[DEBUG] 2018-12-07 20:31:55.670 [http-nio-8080-exec-8] Namespace - Created database namespace [logicalName=Name{catalog=null, schema=null}, physicalName=Name{catalog=null, schema=null}]
[DEBUG] 2018-12-07 20:31:55.672 [http-nio-8080-exec-8] AnnotationBinder - Binding entity from annotated class: edu.matc.entity.User
[DEBUG] 2018-12-07 20:31:55.672 [http-nio-8080-exec-8] Ejb3Column - Binding column: Ejb3DiscriminatorColumn{logicalColumnName'DTYPE', discriminatorTypeName='string'}
[DEBUG] 2018-12-07 20:31:55.672 [http-nio-8080-exec-8] EntityBinder - Import with entity name User
[DEBUG] 2018-12-07 20:31:55.672 [http-nio-8080-exec-8] EntityBinder - Bind entity edu.matc.entity.User on table User
[DEBUG] 2018-12-07 20:31:55.673 [http-nio-8080-exec-8] Ejb3Column - Binding column: Ejb3Column{table=org.hibernate.mapping.Table(User), mappingColumn=id, insertable=true, updatable=true, unique=false}
[DEBUG] 2018-12-07 20:31:55.674 [http-nio-8080-exec-8] PropertyBinder - MetadataSourceProcessor property id with lazy=false
[DEBUG] 2018-12-07 20:31:55.674 [http-nio-8080-exec-8] AbstractPropertyHolder - Attempting to locate auto-apply AttributeConverter for property [edu.matc.entity.User:id]
[DEBUG] 2018-12-07 20:31:55.682 [http-nio-8080-exec-8] SimpleValueBinder - building SimpleValue for id
[DEBUG] 2018-12-07 20:31:55.682 [http-nio-8080-exec-8] PropertyBinder - Building property id
[DEBUG] 2018-12-07 20:31:55.682 [http-nio-8080-exec-8] Ejb3Column - Binding column: Ejb3JoinColumn{logicalColumnName='null', referencedColumn='null', mappedBy='hunter'}
[DEBUG] 2018-12-07 20:31:55.682 [http-nio-8080-exec-8] Ejb3Column - Binding column: Ejb3Column{table=org.hibernate.mapping.Table(User), mappingColumn=armorSet, insertable=true, updatable=true, unique=false}
[DEBUG] 2018-12-07 20:31:55.683 [http-nio-8080-exec-8] Ejb3Column - Binding column: Ejb3JoinColumn{logicalColumnName='null', referencedColumn='null', mappedBy='toUser'}
[DEBUG] 2018-12-07 20:31:55.683 [http-nio-8080-exec-8] Ejb3Column - Binding column: Ejb3Column{table=org.hibernate.mapping.Table(User), mappingColumn=messagesSet, insertable=true, updatable=true, unique=false}
[DEBUG] 2018-12-07 20:31:55.683 [http-nio-8080-exec-8] Ejb3Column - Binding column: Ejb3Column{table=org.hibernate.mapping.Table(User), mappingColumn=null, insertable=true, updatable=true, unique=false}
[DEBUG] 2018-12-07 20:31:55.683 [http-nio-8080-exec-8] Ejb3Column - Binding column: Ejb3Column{table=org.hibernate.mapping.Table(User), mappingColumn=element, insertable=true, updatable=true, unique=false}
[DEBUG] 2018-12-07 20:31:55.683 [http-nio-8080-exec-8] Ejb3Column - Binding column: Ejb3Column{table=org.hibernate.mapping.Table(User), mappingColumn=messagesSet_KEY, insertable=true, updatable=true, unique=false}
[DEBUG] 2018-12-07 20:31:55.683 [http-nio-8080-exec-8] Ejb3Column - Binding column: Ejb3JoinColumn{logicalColumnName='messagesSet_KEY', referencedColumn='null', mappedBy='null'}
[DEBUG] 2018-12-07 20:31:55.683 [http-nio-8080-exec-8] Ejb3Column - Binding column: Ejb3JoinColumn{logicalColumnName='null', referencedColumn='null', mappedBy='toUser'}
[DEBUG] 2018-12-07 20:31:55.683 [http-nio-8080-exec-8] Ejb3Column - Binding column: Ejb3JoinColumn{logicalColumnName='null', referencedColumn='null', mappedBy='toUser'}
[DEBUG] 2018-12-07 20:31:55.684 [http-nio-8080-exec-8] CollectionBinder - Collection role: edu.matc.entity.User.messagesSet
[DEBUG] 2018-12-07 20:31:55.691 [http-nio-8080-exec-8] PropertyBinder - Building property messagesSet
[DEBUG] 2018-12-07 20:31:55.692 [http-nio-8080-exec-8] Ejb3Column - Binding column: Ejb3Column{table=org.hibernate.mapping.Table(User), mappingColumn=Password, insertable=true, updatable=true, unique=false}
[DEBUG] 2018-12-07 20:31:55.692 [http-nio-8080-exec-8] PropertyBinder - MetadataSourceProcessor property password with lazy=false
[DEBUG] 2018-12-07 20:31:55.692 [http-nio-8080-exec-8] AbstractPropertyHolder - Attempting to locate auto-apply AttributeConverter for property [edu.matc.entity.User:password]
[DEBUG] 2018-12-07 20:31:55.692 [http-nio-8080-exec-8] SimpleValueBinder - building SimpleValue for password
[DEBUG] 2018-12-07 20:31:55.692 [http-nio-8080-exec-8] PropertyBinder - Building property password
[DEBUG] 2018-12-07 20:31:55.692 [http-nio-8080-exec-8] Ejb3Column - Binding column: Ejb3Column{table=org.hibernate.mapping.Table(User), mappingColumn=Rank, insertable=true, updatable=true, unique=false}
[DEBUG] 2018-12-07 20:31:55.692 [http-nio-8080-exec-8] PropertyBinder - MetadataSourceProcessor property rank with lazy=false
[DEBUG] 2018-12-07 20:31:55.693 [http-nio-8080-exec-8] AbstractPropertyHolder - Attempting to locate auto-apply AttributeConverter for property [edu.matc.entity.User:rank]
[DEBUG] 2018-12-07 20:31:55.693 [http-nio-8080-exec-8] SimpleValueBinder - building SimpleValue for rank
[DEBUG] 2018-12-07 20:31:55.693 [http-nio-8080-exec-8] PropertyBinder - Building property rank
[DEBUG] 2018-12-07 20:31:55.694 [http-nio-8080-exec-8] Ejb3Column - Binding column: Ejb3Column{table=org.hibernate.mapping.Table(User), mappingColumn=UserName, insertable=true, updatable=true, unique=false}
[DEBUG] 2018-12-07 20:31:55.694 [http-nio-8080-exec-8] PropertyBinder - MetadataSourceProcessor property username with lazy=false
[DEBUG] 2018-12-07 20:31:55.694 [http-nio-8080-exec-8] AbstractPropertyHolder - Attempting to locate auto-apply AttributeConverter for property [edu.matc.entity.User:username]
[DEBUG] 2018-12-07 20:31:55.694 [http-nio-8080-exec-8] SimpleValueBinder - building SimpleValue for username
[DEBUG] 2018-12-07 20:31:55.694 [http-nio-8080-exec-8] PropertyBinder - Building property username
[DEBUG] 2018-12-07 20:31:55.694 [http-nio-8080-exec-8] AnnotationBinder - Binding entity from annotated class: edu.matc.entity.Arms
[DEBUG] 2018-12-07 20:31:55.694 [http-nio-8080-exec-8] Ejb3Column - Binding column: Ejb3DiscriminatorColumn{logicalColumnName'DTYPE', discriminatorTypeName='string'}
[DEBUG] 2018-12-07 20:31:55.694 [http-nio-8080-exec-8] EntityBinder - Import with entity name Arms
[DEBUG] 2018-12-07 20:31:55.694 [http-nio-8080-exec-8] EntityBinder - Bind entity edu.matc.entity.Arms on table Arms
[DEBUG] 2018-12-07 20:31:55.695 [http-nio-8080-exec-8] Ejb3Column - Binding column: Ejb3Column{table=org.hibernate.mapping.Table(Arms), mappingColumn=id, insertable=true, updatable=true, unique=false}
[DEBUG] 2018-12-07 20:31:55.695 [http-nio-8080-exec-8] PropertyBinder - MetadataSourceProcessor property id with lazy=false
[DEBUG] 2018-12-07 20:31:55.695 [http-nio-8080-exec-8] AbstractPropertyHolder - Attempting to locate auto-apply AttributeConverter for property [edu.matc.entity.Arms:id]
[DEBUG] 2018-12-07 20:31:55.695 [http-nio-8080-exec-8] SimpleValueBinder - building SimpleValue for id
[DEBUG] 2018-12-07 20:31:55.695 [http-nio-8080-exec-8] PropertyBinder - Building property id
[DEBUG] 2018-12-07 20:31:55.696 [http-nio-8080-exec-8] Ejb3Column - Binding column: Ejb3Column{table=org.hibernate.mapping.Table(Arms), mappingColumn=name, insertable=true, updatable=true, unique=false}
[DEBUG] 2018-12-07 20:31:55.696 [http-nio-8080-exec-8] PropertyBinder - MetadataSourceProcessor property name with lazy=false
[DEBUG] 2018-12-07 20:31:55.696 [http-nio-8080-exec-8] AbstractPropertyHolder - Attempting to locate auto-apply AttributeConverter for property [edu.matc.entity.Arms:name]
[DEBUG] 2018-12-07 20:31:55.696 [http-nio-8080-exec-8] SimpleValueBinder - building SimpleValue for name
[DEBUG] 2018-12-07 20:31:55.696 [http-nio-8080-exec-8] PropertyBinder - Building property name
[DEBUG] 2018-12-07 20:31:55.696 [http-nio-8080-exec-8] AnnotationBinder - Binding entity from annotated class: edu.matc.entity.Chests
[DEBUG] 2018-12-07 20:31:55.707 [http-nio-8080-exec-8] Ejb3Column - Binding column: Ejb3DiscriminatorColumn{logicalColumnName'DTYPE', discriminatorTypeName='string'}
[DEBUG] 2018-12-07 20:31:55.707 [http-nio-8080-exec-8] EntityBinder - Import with entity name Chests
[DEBUG] 2018-12-07 20:31:55.708 [http-nio-8080-exec-8] EntityBinder - Bind entity edu.matc.entity.Chests on table Chests
[DEBUG] 2018-12-07 20:31:55.712 [http-nio-8080-exec-8] Ejb3Column - Binding column: Ejb3Column{table=org.hibernate.mapping.Table(Chests), mappingColumn=id, insertable=true, updatable=true, unique=false}
[DEBUG] 2018-12-07 20:31:55.712 [http-nio-8080-exec-8] PropertyBinder - MetadataSourceProcessor property id with lazy=false
[DEBUG] 2018-12-07 20:31:55.712 [http-nio-8080-exec-8] AbstractPropertyHolder - Attempting to locate auto-apply AttributeConverter for property [edu.matc.entity.Chests:id]
[DEBUG] 2018-12-07 20:31:55.712 [http-nio-8080-exec-8] SimpleValueBinder - building SimpleValue for id
[DEBUG] 2018-12-07 20:31:55.713 [http-nio-8080-exec-8] PropertyBinder - Building property id
[DEBUG] 2018-12-07 20:31:55.713 [http-nio-8080-exec-8] Ejb3Column - Binding column: Ejb3Column{table=org.hibernate.mapping.Table(Chests), mappingColumn=name, insertable=true, updatable=true, unique=false}
[DEBUG] 2018-12-07 20:31:55.714 [http-nio-8080-exec-8] PropertyBinder - MetadataSourceProcessor property name with lazy=false
[DEBUG] 2018-12-07 20:31:55.714 [http-nio-8080-exec-8] AbstractPropertyHolder - Attempting to locate auto-apply AttributeConverter for property [edu.matc.entity.Chests:name]
[DEBUG] 2018-12-07 20:31:55.714 [http-nio-8080-exec-8] SimpleValueBinder - building SimpleValue for name
[DEBUG] 2018-12-07 20:31:55.714 [http-nio-8080-exec-8] PropertyBinder - Building property name
[DEBUG] 2018-12-07 20:31:55.714 [http-nio-8080-exec-8] AnnotationBinder - Binding entity from annotated class: edu.matc.entity.Heads
[DEBUG] 2018-12-07 20:31:55.714 [http-nio-8080-exec-8] Ejb3Column - Binding column: Ejb3DiscriminatorColumn{logicalColumnName'DTYPE', discriminatorTypeName='string'}
[DEBUG] 2018-12-07 20:31:55.714 [http-nio-8080-exec-8] EntityBinder - Import with entity name Heads
[DEBUG] 2018-12-07 20:31:55.718 [http-nio-8080-exec-8] EntityBinder - Bind entity edu.matc.entity.Heads on table Heads
[DEBUG] 2018-12-07 20:31:55.725 [http-nio-8080-exec-8] Ejb3Column - Binding column: Ejb3Column{table=org.hibernate.mapping.Table(Heads), mappingColumn=id, insertable=true, updatable=true, unique=false}
[DEBUG] 2018-12-07 20:31:55.725 [http-nio-8080-exec-8] PropertyBinder - MetadataSourceProcessor property id with lazy=false
[DEBUG] 2018-12-07 20:31:55.725 [http-nio-8080-exec-8] AbstractPropertyHolder - Attempting to locate auto-apply AttributeConverter for property [edu.matc.entity.Heads:id]
[DEBUG] 2018-12-07 20:31:55.725 [http-nio-8080-exec-8] SimpleValueBinder - building SimpleValue for id
[DEBUG] 2018-12-07 20:31:55.727 [http-nio-8080-exec-8] PropertyBinder - Building property id
[DEBUG] 2018-12-07 20:31:55.727 [http-nio-8080-exec-8] Ejb3Column - Binding column: Ejb3Column{table=org.hibernate.mapping.Table(Heads), mappingColumn=name, insertable=true, updatable=true, unique=false}
[DEBUG] 2018-12-07 20:31:55.727 [http-nio-8080-exec-8] PropertyBinder - MetadataSourceProcessor property name with lazy=false
[DEBUG] 2018-12-07 20:31:55.727 [http-nio-8080-exec-8] AbstractPropertyHolder - Attempting to locate auto-apply AttributeConverter for property [edu.matc.entity.Heads:name]
[DEBUG] 2018-12-07 20:31:55.728 [http-nio-8080-exec-8] SimpleValueBinder - building SimpleValue for name
[DEBUG] 2018-12-07 20:31:55.728 [http-nio-8080-exec-8] PropertyBinder - Building property name
[DEBUG] 2018-12-07 20:31:55.728 [http-nio-8080-exec-8] AnnotationBinder - Binding entity from annotated class: edu.matc.entity.Legs
[DEBUG] 2018-12-07 20:31:55.728 [http-nio-8080-exec-8] Ejb3Column - Binding column: Ejb3DiscriminatorColumn{logicalColumnName'DTYPE', discriminatorTypeName='string'}
[DEBUG] 2018-12-07 20:31:55.728 [http-nio-8080-exec-8] EntityBinder - Import with entity name Legs
[DEBUG] 2018-12-07 20:31:55.728 [http-nio-8080-exec-8] EntityBinder - Bind entity edu.matc.entity.Legs on table Legs
[DEBUG] 2018-12-07 20:31:55.738 [http-nio-8080-exec-8] Ejb3Column - Binding column: Ejb3Column{table=org.hibernate.mapping.Table(Legs), mappingColumn=id, insertable=true, updatable=true, unique=false}
[DEBUG] 2018-12-07 20:31:55.738 [http-nio-8080-exec-8] PropertyBinder - MetadataSourceProcessor property id with lazy=false
[DEBUG] 2018-12-07 20:31:55.738 [http-nio-8080-exec-8] AbstractPropertyHolder - Attempting to locate auto-apply AttributeConverter for property [edu.matc.entity.Legs:id]
[DEBUG] 2018-12-07 20:31:55.739 [http-nio-8080-exec-8] SimpleValueBinder - building SimpleValue for id
[DEBUG] 2018-12-07 20:31:55.739 [http-nio-8080-exec-8] PropertyBinder - Building property id
[DEBUG] 2018-12-07 20:31:55.744 [http-nio-8080-exec-8] Ejb3Column - Binding column: Ejb3Column{table=org.hibernate.mapping.Table(Legs), mappingColumn=Name, insertable=true, updatable=true, unique=false}
[DEBUG] 2018-12-07 20:31:55.745 [http-nio-8080-exec-8] PropertyBinder - MetadataSourceProcessor property name with lazy=false
[DEBUG] 2018-12-07 20:31:55.745 [http-nio-8080-exec-8] AbstractPropertyHolder - Attempting to locate auto-apply AttributeConverter for property [edu.matc.entity.Legs:name]
[DEBUG] 2018-12-07 20:31:55.745 [http-nio-8080-exec-8] SimpleValueBinder - building SimpleValue for name
[DEBUG] 2018-12-07 20:31:55.745 [http-nio-8080-exec-8] PropertyBinder - Building property name
[DEBUG] 2018-12-07 20:31:55.745 [http-nio-8080-exec-8] AnnotationBinder - Binding entity from annotated class: edu.matc.entity.Waists
[DEBUG] 2018-12-07 20:31:55.753 [http-nio-8080-exec-8] Ejb3Column - Binding column: Ejb3DiscriminatorColumn{logicalColumnName'DTYPE', discriminatorTypeName='string'}
[DEBUG] 2018-12-07 20:31:55.753 [http-nio-8080-exec-8] EntityBinder - Import with entity name Waists
[DEBUG] 2018-12-07 20:31:55.753 [http-nio-8080-exec-8] EntityBinder - Bind entity edu.matc.entity.Waists on table Waists
[DEBUG] 2018-12-07 20:31:55.754 [http-nio-8080-exec-8] Ejb3Column - Binding column: Ejb3Column{table=org.hibernate.mapping.Table(Waists), mappingColumn=id, insertable=true, updatable=true, unique=false}
[DEBUG] 2018-12-07 20:31:55.754 [http-nio-8080-exec-8] PropertyBinder - MetadataSourceProcessor property id with lazy=false
[DEBUG] 2018-12-07 20:31:55.754 [http-nio-8080-exec-8] AbstractPropertyHolder - Attempting to locate auto-apply AttributeConverter for property [edu.matc.entity.Waists:id]
[DEBUG] 2018-12-07 20:31:55.754 [http-nio-8080-exec-8] SimpleValueBinder - building SimpleValue for id
[DEBUG] 2018-12-07 20:31:55.754 [http-nio-8080-exec-8] PropertyBinder - Building property id
[DEBUG] 2018-12-07 20:31:55.755 [http-nio-8080-exec-8] Ejb3Column - Binding column: Ejb3Column{table=org.hibernate.mapping.Table(Waists), mappingColumn=name, insertable=true, updatable=true, unique=false}
[DEBUG] 2018-12-07 20:31:55.755 [http-nio-8080-exec-8] PropertyBinder - MetadataSourceProcessor property name with lazy=false
[DEBUG] 2018-12-07 20:31:55.755 [http-nio-8080-exec-8] AbstractPropertyHolder - Attempting to locate auto-apply AttributeConverter for property [edu.matc.entity.Waists:name]
[DEBUG] 2018-12-07 20:31:55.755 [http-nio-8080-exec-8] SimpleValueBinder - building SimpleValue for name
[DEBUG] 2018-12-07 20:31:55.755 [http-nio-8080-exec-8] PropertyBinder - Building property name
[DEBUG] 2018-12-07 20:31:55.755 [http-nio-8080-exec-8] AnnotationBinder - Binding entity from annotated class: edu.matc.entity.Weapons
[DEBUG] 2018-12-07 20:31:55.755 [http-nio-8080-exec-8] Ejb3Column - Binding column: Ejb3DiscriminatorColumn{logicalColumnName'DTYPE', discriminatorTypeName='string'}
[DEBUG] 2018-12-07 20:31:55.761 [http-nio-8080-exec-8] EntityBinder - Import with entity name Weapons
[DEBUG] 2018-12-07 20:31:55.762 [http-nio-8080-exec-8] EntityBinder - Bind entity edu.matc.entity.Weapons on table Weapons
[DEBUG] 2018-12-07 20:31:55.762 [http-nio-8080-exec-8] Ejb3Column - Binding column: Ejb3Column{table=org.hibernate.mapping.Table(Weapons), mappingColumn=id, insertable=true, updatable=true, unique=false}
[DEBUG] 2018-12-07 20:31:55.762 [http-nio-8080-exec-8] PropertyBinder - MetadataSourceProcessor property id with lazy=false
[DEBUG] 2018-12-07 20:31:55.762 [http-nio-8080-exec-8] AbstractPropertyHolder - Attempting to locate auto-apply AttributeConverter for property [edu.matc.entity.Weapons:id]
[DEBUG] 2018-12-07 20:31:55.762 [http-nio-8080-exec-8] SimpleValueBinder - building SimpleValue for id
[DEBUG] 2018-12-07 20:31:55.762 [http-nio-8080-exec-8] PropertyBinder - Building property id
[DEBUG] 2018-12-07 20:31:55.763 [http-nio-8080-exec-8] Ejb3Column - Binding column: Ejb3Column{table=org.hibernate.mapping.Table(Weapons), mappingColumn=name, insertable=true, updatable=true, unique=false}
[DEBUG] 2018-12-07 20:31:55.763 [http-nio-8080-exec-8] PropertyBinder - MetadataSourceProcessor property name with lazy=false
[DEBUG] 2018-12-07 20:31:55.763 [http-nio-8080-exec-8] AbstractPropertyHolder - Attempting to locate auto-apply AttributeConverter for property [edu.matc.entity.Weapons:name]
[DEBUG] 2018-12-07 20:31:55.763 [http-nio-8080-exec-8] SimpleValueBinder - building SimpleValue for name
[DEBUG] 2018-12-07 20:31:55.763 [http-nio-8080-exec-8] PropertyBinder - Building property name
[DEBUG] 2018-12-07 20:31:55.781 [http-nio-8080-exec-8] AnnotationBinder - Binding entity from annotated class: edu.matc.entity.Messages
[DEBUG] 2018-12-07 20:31:55.782 [http-nio-8080-exec-8] Ejb3Column - Binding column: Ejb3DiscriminatorColumn{logicalColumnName'DTYPE', discriminatorTypeName='string'}
[DEBUG] 2018-12-07 20:31:55.782 [http-nio-8080-exec-8] EntityBinder - Import with entity name Messages
[DEBUG] 2018-12-07 20:31:55.782 [http-nio-8080-exec-8] EntityBinder - Bind entity edu.matc.entity.Messages on table Messages
[DEBUG] 2018-12-07 20:31:55.790 [http-nio-8080-exec-8] Ejb3Column - Binding column: Ejb3Column{table=org.hibernate.mapping.Table(Messages), mappingColumn=id, insertable=true, updatable=true, unique=false}
[DEBUG] 2018-12-07 20:31:55.790 [http-nio-8080-exec-8] PropertyBinder - MetadataSourceProcessor property id with lazy=false
[DEBUG] 2018-12-07 20:31:55.790 [http-nio-8080-exec-8] AbstractPropertyHolder - Attempting to locate auto-apply AttributeConverter for property [edu.matc.entity.Messages:id]
[DEBUG] 2018-12-07 20:31:55.790 [http-nio-8080-exec-8] SimpleValueBinder - building SimpleValue for id
[DEBUG] 2018-12-07 20:31:55.790 [http-nio-8080-exec-8] PropertyBinder - Building property id
[DEBUG] 2018-12-07 20:31:55.809 [http-nio-8080-exec-8] Ejb3Column - Binding column: Ejb3Column{table=org.hibernate.mapping.Table(Messages), mappingColumn=FromUser, insertable=true, updatable=true, unique=false}
[DEBUG] 2018-12-07 20:31:55.809 [http-nio-8080-exec-8] Ejb3Column - Binding column: Ejb3JoinColumn{logicalColumnName='null', referencedColumn='null', mappedBy='null'}
