[DEBUG] 2018-12-12 16:02:18.170 [http-nio-8080-exec-6] UserDao - The list of users: [edu.matc.entity.User@78f7fcec, edu.matc.entity.User@286bbeed, edu.matc.entity.User@704cf85, edu.matc.entity.User@6e7f7f8a, edu.matc.entity.User@7c007877]
[DEBUG] 2018-12-12 16:02:20.958 [http-nio-8080-exec-9] UserDao - The list of users: [edu.matc.entity.User@28e99a5d, edu.matc.entity.User@22917981, edu.matc.entity.User@7fed982e, edu.matc.entity.User@48781635, edu.matc.entity.User@2ca74615]
[DEBUG] 2018-12-12 16:03:09.418 [http-nio-8080-exec-7] EntityDAO - Searching for edu.matc.entity.User with username = SoundSide
[DEBUG] 2018-12-12 16:03:10.450 [http-nio-8080-exec-8] UserDao - Searching for: SoundSide
[DEBUG] 2018-12-12 16:03:11.331 [http-nio-8080-exec-9] EntityDAO - Searching for edu.matc.entity.Messages with toUser = 1
[DEBUG] 2018-12-17 20:05:33.963 [http-nio-8080-exec-6] UserDao - The list of users: [edu.matc.entity.User@7b0a6de0, edu.matc.entity.User@323d459e, edu.matc.entity.User@5b163a24, edu.matc.entity.User@13be39a, edu.matc.entity.User@1b46cab4]
[DEBUG] 2018-12-17 20:05:37.402 [http-nio-8080-exec-9] UserDao - The list of users: [edu.matc.entity.User@49aa6ca4, edu.matc.entity.User@1cce4daf, edu.matc.entity.User@3645ff5f, edu.matc.entity.User@57b148b1, edu.matc.entity.User@4de4d1af]
[DEBUG] 2018-12-17 20:09:05.388 [http-nio-8080-exec-6] UserDao - The list of users: [edu.matc.entity.User@53c2c34a, edu.matc.entity.User@50e10daf, edu.matc.entity.User@7e522ec2, edu.matc.entity.User@15fc1ae6, edu.matc.entity.User@51fe0bc3]
[DEBUG] 2018-12-17 20:09:08.418 [http-nio-8080-exec-10] UserDao - The list of users: [edu.matc.entity.User@3d0b2a6a, edu.matc.entity.User@a56970, edu.matc.entity.User@b3769b6, edu.matc.entity.User@42001377, edu.matc.entity.User@26bc3927]
[DEBUG] 2018-12-17 20:10:39.326 [http-nio-8080-exec-10] UserDao - The list of users: [edu.matc.entity.User@67ef4d58, edu.matc.entity.User@6870e778, edu.matc.entity.User@6005953a, edu.matc.entity.User@2c96990b, edu.matc.entity.User@5e2afe32]
[DEBUG] 2018-12-17 20:10:43.967 [http-nio-8080-exec-1] UserDao - Searching for: Sound
[DEBUG] 2018-12-17 20:11:14.812 [http-nio-8080-exec-4] UserDao - The list of users: [edu.matc.entity.User@4db40b25, edu.matc.entity.User@5a7bed40, edu.matc.entity.User@4c74bb9b, edu.matc.entity.User@748ee698, edu.matc.entity.User@190e360f]
[DEBUG] 2018-12-17 20:11:22.132 [http-nio-8080-exec-8] UserDao - Searching for: SoundSide
[DEBUG] 2018-12-17 20:11:31.611 [http-nio-8080-exec-10] UserDao - The list of users: [edu.matc.entity.User@5af02d33, edu.matc.entity.User@58567727, edu.matc.entity.User@21dbec14, edu.matc.entity.User@f91b506, edu.matc.entity.User@54d38872]
[DEBUG] 2018-12-17 20:16:01.323 [http-nio-8080-exec-6] UserDao - The list of users: [edu.matc.entity.User@bebcb0f, edu.matc.entity.User@65f9cff5, edu.matc.entity.User@69c6fccf, edu.matc.entity.User@4a9fa3ae, edu.matc.entity.User@cae7052]
[DEBUG] 2018-12-17 20:16:04.355 [http-nio-8080-exec-9] UserDao - The list of users: [edu.matc.entity.User@5d44e42c, edu.matc.entity.User@9b763ea, edu.matc.entity.User@17aadcd1, edu.matc.entity.User@6fb54df7, edu.matc.entity.User@15aaa1a9]
[DEBUG] 2018-12-17 20:20:16.262 [http-nio-8080-exec-6] UserDao - The list of users: [edu.matc.entity.User@22604b75, edu.matc.entity.User@9e047ed, edu.matc.entity.User@2a53788a, edu.matc.entity.User@1e1bc4b7, edu.matc.entity.User@3554e8e0]
[DEBUG] 2018-12-17 20:21:34.084 [http-nio-8080-exec-8] UserDao - Searching for: sound
[DEBUG] 2018-12-17 20:28:35.572 [http-nio-8080-exec-6] UserDao - The list of users: [edu.matc.entity.User@65e26147, edu.matc.entity.User@45cee88b, edu.matc.entity.User@7c024345, edu.matc.entity.User@7bb5ada3, edu.matc.entity.User@7fff9906]
[DEBUG] 2018-12-17 20:28:44.097 [http-nio-8080-exec-10] UserDao - The list of users: [edu.matc.entity.User@8d6f5cc, edu.matc.entity.User@437610d7, edu.matc.entity.User@418ca409, edu.matc.entity.User@335f6291, edu.matc.entity.User@c9889a3]
[DEBUG] 2018-12-17 20:29:54.413 [http-nio-8080-exec-10] UserDao - Searching for: Sound
[DEBUG] 2018-12-17 20:30:37.407 [http-nio-8080-exec-5] UserDao - The list of users: [edu.matc.entity.User@12e397e3, edu.matc.entity.User@5e1c62c8, edu.matc.entity.User@3ec8732f, edu.matc.entity.User@a9ee857, edu.matc.entity.User@3729c1ee]
[DEBUG] 2018-12-17 20:34:00.532 [http-nio-8080-exec-6] UserDao - The list of users: [edu.matc.entity.User@4c1304ed, edu.matc.entity.User@5643e403, edu.matc.entity.User@497805e, edu.matc.entity.User@7cd74e7b, edu.matc.entity.User@52eabda7]
[DEBUG] 2018-12-17 20:34:04.372 [http-nio-8080-exec-10] UserDao - The list of users: [edu.matc.entity.User@727e8a26, edu.matc.entity.User@306b88ee, edu.matc.entity.User@55a2a44, edu.matc.entity.User@34402eb7, edu.matc.entity.User@3269ada3]
[DEBUG] 2018-12-17 20:37:22.821 [http-nio-8080-exec-6] UserDao - The list of users: [edu.matc.entity.User@26f108c7, edu.matc.entity.User@f2b5ce, edu.matc.entity.User@177a0342, edu.matc.entity.User@aadecee, edu.matc.entity.User@75abee6c]
[DEBUG] 2018-12-17 20:37:25.941 [http-nio-8080-exec-10] UserDao - The list of users: [edu.matc.entity.User@647082b4, edu.matc.entity.User@2010d173, edu.matc.entity.User@689e3bab, edu.matc.entity.User@6cff436b, edu.matc.entity.User@c7a0962]
[DEBUG] 2018-12-17 20:40:27.394 [http-nio-8080-exec-6] UserDao - The list of users: [edu.matc.entity.User@364f134d, edu.matc.entity.User@622995cd, edu.matc.entity.User@35ac04d8, edu.matc.entity.User@62e42a41, edu.matc.entity.User@26b9fb68]
[DEBUG] 2018-12-17 20:40:30.718 [http-nio-8080-exec-10] UserDao - The list of users: [edu.matc.entity.User@198c8ffb, edu.matc.entity.User@6df095a2, edu.matc.entity.User@25c74e90, edu.matc.entity.User@211a8f6d, edu.matc.entity.User@5c942fe2]
[DEBUG] 2018-12-17 20:46:19.945 [http-nio-8080-exec-6] UserDao - The list of users: [edu.matc.entity.User@79c18678, edu.matc.entity.User@7ff27627, edu.matc.entity.User@26593671, edu.matc.entity.User@795dd1da, edu.matc.entity.User@6e87e1e6]
[DEBUG] 2018-12-17 20:46:23.054 [http-nio-8080-exec-10] UserDao - The list of users: [edu.matc.entity.User@48e4bfea, edu.matc.entity.User@fafa6d0, edu.matc.entity.User@34e2fcbd, edu.matc.entity.User@3a3b20e8, edu.matc.entity.User@57cdc3aa]
[DEBUG] 2018-12-17 20:50:41.842 [http-nio-8080-exec-6] UserDao - The list of users: [edu.matc.entity.User@58fd1ab2, edu.matc.entity.User@6222ec0e, edu.matc.entity.User@73031874, edu.matc.entity.User@4b0ecb75, edu.matc.entity.User@6ee47ab]
[DEBUG] 2018-12-17 20:50:44.580 [http-nio-8080-exec-10] UserDao - The list of users: [edu.matc.entity.User@320ff2a7, edu.matc.entity.User@222a8450, edu.matc.entity.User@74694458, edu.matc.entity.User@68e9a20, edu.matc.entity.User@4bd9da9c]
[DEBUG] 2018-12-17 20:52:08.724 [http-nio-8080-exec-6] UserDao - The list of users: [edu.matc.entity.User@38459b06, edu.matc.entity.User@3f8343e5, edu.matc.entity.User@5df24fdc, edu.matc.entity.User@6a0d5388, edu.matc.entity.User@2bf429]
[DEBUG] 2018-12-17 20:52:11.261 [http-nio-8080-exec-10] UserDao - The list of users: [edu.matc.entity.User@490667b1, edu.matc.entity.User@69bb2e79, edu.matc.entity.User@3b69efcb, edu.matc.entity.User@39b95521, edu.matc.entity.User@43f88648]
[DEBUG] 2018-12-17 20:53:24.410 [http-nio-8080-exec-6] UserDao - The list of users: [edu.matc.entity.User@6d242364, edu.matc.entity.User@13b95141, edu.matc.entity.User@74c3e25c, edu.matc.entity.User@3f40f04a, edu.matc.entity.User@21990bc9]
[DEBUG] 2018-12-17 20:53:27.396 [http-nio-8080-exec-10] UserDao - The list of users: [edu.matc.entity.User@38e2fdcf, edu.matc.entity.User@4b624276, edu.matc.entity.User@3bbbe36, edu.matc.entity.User@5b634d2f, edu.matc.entity.User@74c0df09]
[DEBUG] 2018-12-17 20:53:51.790 [http-nio-8080-exec-6] UserDao - Searching for: soundside
[DEBUG] 2018-12-17 20:53:57.864 [http-nio-8080-exec-10] UserDao - The list of users: [edu.matc.entity.User@6b372a92, edu.matc.entity.User@16629b44, edu.matc.entity.User@5b9bb1ff, edu.matc.entity.User@5d82bced, edu.matc.entity.User@5fb8b4a2]
[DEBUG] 2018-12-17 20:54:00.425 [http-nio-8080-exec-2] UserDao - Searching for: soundside
[DEBUG] 2018-12-17 20:54:06.619 [http-nio-8080-exec-8] UserDao - Searching for: sound
[DEBUG] 2018-12-17 20:55:19.810 [http-nio-8080-exec-2] UserDao - Searching for: soundside
[DEBUG] 2018-12-17 20:55:21.430 [http-nio-8080-exec-4] EntityDAO - Searching for edu.matc.entity.Messages with toUser = 1
[DEBUG] 2018-12-17 20:55:29.230 [http-nio-8080-exec-3] UserDao - The list of users: [edu.matc.entity.User@42ee8813, edu.matc.entity.User@c59e414, edu.matc.entity.User@4c877372, edu.matc.entity.User@3495d3b0, edu.matc.entity.User@20d6b21]
[DEBUG] 2018-12-17 21:00:17.880 [http-nio-8080-exec-6] UserDao - The list of users: [edu.matc.entity.User@5b719652, edu.matc.entity.User@1d6544b6, edu.matc.entity.User@24a075e2, edu.matc.entity.User@3f7c3139, edu.matc.entity.User@559ebaf1]
[DEBUG] 2018-12-17 21:00:21.038 [http-nio-8080-exec-10] UserDao - The list of users: [edu.matc.entity.User@213b6a26, edu.matc.entity.User@6c484bd, edu.matc.entity.User@60791247, edu.matc.entity.User@b87b4b4, edu.matc.entity.User@719795b8]
[DEBUG] 2018-12-17 21:05:59.340 [http-nio-8080-exec-6] UserDao - The list of users: [edu.matc.entity.User@5b719652, edu.matc.entity.User@1d6544b6, edu.matc.entity.User@24a075e2, edu.matc.entity.User@3f7c3139, edu.matc.entity.User@559ebaf1]
[DEBUG] 2018-12-17 21:06:02.767 [http-nio-8080-exec-9] UserDao - The list of users: [edu.matc.entity.User@320ff2a7, edu.matc.entity.User@222a8450, edu.matc.entity.User@74694458, edu.matc.entity.User@68e9a20, edu.matc.entity.User@4bd9da9c]
[DEBUG] 2018-12-17 21:08:54.182 [http-nio-8080-exec-6] UserDao - The list of users: [edu.matc.entity.User@5766faab, edu.matc.entity.User@3ad40115, edu.matc.entity.User@51951187, edu.matc.entity.User@7893980c, edu.matc.entity.User@29c3e5d0]
[DEBUG] 2018-12-17 21:08:57.645 [http-nio-8080-exec-9] UserDao - The list of users: [edu.matc.entity.User@be2fe21, edu.matc.entity.User@47ef1ee2, edu.matc.entity.User@795c5b8d, edu.matc.entity.User@201499e0, edu.matc.entity.User@3c9b6835]
[DEBUG] 2018-12-17 21:11:28.928 [http-nio-8080-exec-6] UserDao - The list of users: [edu.matc.entity.User@5e1c6c7e, edu.matc.entity.User@445efa71, edu.matc.entity.User@50f59e55, edu.matc.entity.User@237a2db3, edu.matc.entity.User@7a784b78]
[DEBUG] 2018-12-17 21:11:31.789 [http-nio-8080-exec-10] UserDao - The list of users: [edu.matc.entity.User@13103550, edu.matc.entity.User@5b8d7300, edu.matc.entity.User@7ab55986, edu.matc.entity.User@3d1be8ce, edu.matc.entity.User@2f33f088]
[DEBUG] 2018-12-17 21:14:47.178 [http-nio-8080-exec-6] UserDao - The list of users: [edu.matc.entity.User@38459b06, edu.matc.entity.User@3f8343e5, edu.matc.entity.User@5df24fdc, edu.matc.entity.User@6a0d5388, edu.matc.entity.User@2bf429]
[DEBUG] 2018-12-17 21:14:50.291 [http-nio-8080-exec-10] UserDao - The list of users: [edu.matc.entity.User@490667b1, edu.matc.entity.User@69bb2e79, edu.matc.entity.User@3b69efcb, edu.matc.entity.User@39b95521, edu.matc.entity.User@43f88648]
[DEBUG] 2018-12-17 21:17:54.735 [http-nio-8080-exec-6] UserDao - The list of users: [edu.matc.entity.User@364f134d, edu.matc.entity.User@622995cd, edu.matc.entity.User@35ac04d8, edu.matc.entity.User@62e42a41, edu.matc.entity.User@26b9fb68]
[DEBUG] 2018-12-17 21:17:57.613 [http-nio-8080-exec-10] UserDao - The list of users: [edu.matc.entity.User@2ccfc0be, edu.matc.entity.User@56b003c3, edu.matc.entity.User@7b8a7081, edu.matc.entity.User@6925bfdf, edu.matc.entity.User@3bbd4875]
[DEBUG] 2018-12-17 21:22:35.467 [http-nio-8080-exec-6] UserDao - The list of users: [edu.matc.entity.User@3e408e51, edu.matc.entity.User@3fbbea27, edu.matc.entity.User@55c7e219, edu.matc.entity.User@28bacdd7, edu.matc.entity.User@2e3e0e9d]
[DEBUG] 2018-12-17 21:22:38.838 [http-nio-8080-exec-10] UserDao - The list of users: [edu.matc.entity.User@68be7297, edu.matc.entity.User@455485f0, edu.matc.entity.User@39e368e5, edu.matc.entity.User@1c3e6960, edu.matc.entity.User@70f9aba]
[DEBUG] 2018-12-17 21:28:39.602 [http-nio-8080-exec-6] UserDao - The list of users: [edu.matc.entity.User@1400877, edu.matc.entity.User@52bb97de, edu.matc.entity.User@1c9b82e8, edu.matc.entity.User@53fdaad1, edu.matc.entity.User@81eb8d6]
[DEBUG] 2018-12-17 21:28:44.327 [http-nio-8080-exec-9] UserDao - The list of users: [edu.matc.entity.User@38e2fdcf, edu.matc.entity.User@4b624276, edu.matc.entity.User@3bbbe36, edu.matc.entity.User@5b634d2f, edu.matc.entity.User@74c0df09]
[DEBUG] 2018-12-17 21:32:30.612 [http-nio-8080-exec-6] UserDao - The list of users: [edu.matc.entity.User@5eb1195e, edu.matc.entity.User@25a5aded, edu.matc.entity.User@7d602d73, edu.matc.entity.User@16a940e0, edu.matc.entity.User@47a49ca3]
[DEBUG] 2018-12-17 21:32:35.049 [http-nio-8080-exec-10] UserDao - The list of users: [edu.matc.entity.User@320ff2a7, edu.matc.entity.User@222a8450, edu.matc.entity.User@74694458, edu.matc.entity.User@68e9a20, edu.matc.entity.User@4bd9da9c]
[DEBUG] 2018-12-17 21:39:18.618 [http-nio-8080-exec-8] UserDao - The list of users: [edu.matc.entity.User@5ad30e62, edu.matc.entity.User@42f5aeab, edu.matc.entity.User@6289978a, edu.matc.entity.User@276e9e5a, edu.matc.entity.User@3552c62c]
[DEBUG] 2018-12-17 21:42:44.624 [http-nio-8080-exec-6] UserDao - The list of users: [edu.matc.entity.User@163f117, edu.matc.entity.User@10483284, edu.matc.entity.User@25a5aded, edu.matc.entity.User@7d602d73, edu.matc.entity.User@16a940e0]
[DEBUG] 2018-12-17 21:42:48.269 [http-nio-8080-exec-9] UserDao - The list of users: [edu.matc.entity.User@320ff2a7, edu.matc.entity.User@222a8450, edu.matc.entity.User@74694458, edu.matc.entity.User@68e9a20, edu.matc.entity.User@4bd9da9c]
[DEBUG] 2018-12-17 21:45:39.503 [http-nio-8080-exec-6] UserDao - The list of users: [edu.matc.entity.User@79c18678, edu.matc.entity.User@7ff27627, edu.matc.entity.User@26593671, edu.matc.entity.User@795dd1da, edu.matc.entity.User@6e87e1e6]
[DEBUG] 2018-12-17 21:45:42.208 [http-nio-8080-exec-10] UserDao - The list of users: [edu.matc.entity.User@647082b4, edu.matc.entity.User@2010d173, edu.matc.entity.User@689e3bab, edu.matc.entity.User@6cff436b, edu.matc.entity.User@c7a0962]
[DEBUG] 2018-12-17 21:47:55.613 [http-nio-8080-exec-8] UserDao - The list of users: [edu.matc.entity.User@117cb411, edu.matc.entity.User@6bd91bc0, edu.matc.entity.User@6bc35a34, edu.matc.entity.User@619aa5da, edu.matc.entity.User@369657b9]
[DEBUG] 2018-12-17 21:51:27.829 [http-nio-8080-exec-6] UserDao - The list of users: [edu.matc.entity.User@20b37417, edu.matc.entity.User@1024efc1, edu.matc.entity.User@65fda40b, edu.matc.entity.User@384e5b68, edu.matc.entity.User@180fec92]
[DEBUG] 2018-12-17 21:51:31.374 [http-nio-8080-exec-10] UserDao - The list of users: [edu.matc.entity.User@1e5cdf77, edu.matc.entity.User@12599063, edu.matc.entity.User@5cdbbafe, edu.matc.entity.User@21b18712, edu.matc.entity.User@596e5334]
[DEBUG] 2018-12-17 21:51:38.841 [http-nio-8080-exec-2] UserDao - The list of users: [edu.matc.entity.User@5d13e735, edu.matc.entity.User@183cf005, edu.matc.entity.User@6e9b5b57, edu.matc.entity.User@2985a3a1, edu.matc.entity.User@142eba5b]
[DEBUG] 2018-12-17 21:54:08.451 [http-nio-8080-exec-6] UserDao - The list of users: [edu.matc.entity.User@1ce40110, edu.matc.entity.User@7a9d372e, edu.matc.entity.User@4746f2de, edu.matc.entity.User@2df83231, edu.matc.entity.User@788d879a]
[DEBUG] 2018-12-17 21:54:11.363 [http-nio-8080-exec-8] UserDao - The list of users: [edu.matc.entity.User@f4aae2d, edu.matc.entity.User@412bbbb3, edu.matc.entity.User@6ed34b8d, edu.matc.entity.User@56fcb99a, edu.matc.entity.User@c9d4eae]
[DEBUG] 2018-12-17 21:56:11.425 [http-nio-8080-exec-6] UserDao - The list of users: [edu.matc.entity.User@14f3cb3e, edu.matc.entity.User@33702e6b, edu.matc.entity.User@7193dbd3, edu.matc.entity.User@212a23f4, edu.matc.entity.User@7f6f11a1]
[DEBUG] 2018-12-17 21:56:15.052 [http-nio-8080-exec-10] UserDao - The list of users: [edu.matc.entity.User@74a154b4, edu.matc.entity.User@480b72c9, edu.matc.entity.User@902d725, edu.matc.entity.User@3a573c0a, edu.matc.entity.User@44addb00]
[DEBUG] 2018-12-17 22:01:05.655 [http-nio-8080-exec-6] UserDao - The list of users: [edu.matc.entity.User@245d28e6, edu.matc.entity.User@5660e94d, edu.matc.entity.User@53033c1f, edu.matc.entity.User@3df1eece, edu.matc.entity.User@2603d80c]
[DEBUG] 2018-12-17 22:01:08.908 [http-nio-8080-exec-9] UserDao - The list of users: [edu.matc.entity.User@727e8a26, edu.matc.entity.User@306b88ee, edu.matc.entity.User@55a2a44, edu.matc.entity.User@34402eb7, edu.matc.entity.User@3269ada3]
[DEBUG] 2018-12-17 22:03:17.489 [http-nio-8080-exec-6] UserDao - The list of users: [edu.matc.entity.User@3db8cebb, edu.matc.entity.User@2686fa1a, edu.matc.entity.User@2f57146a, edu.matc.entity.User@7fab8f03, edu.matc.entity.User@62cc14bb]
[DEBUG] 2018-12-17 22:03:20.891 [http-nio-8080-exec-10] UserDao - The list of users: [edu.matc.entity.User@490667b1, edu.matc.entity.User@69bb2e79, edu.matc.entity.User@3b69efcb, edu.matc.entity.User@39b95521, edu.matc.entity.User@43f88648]
[DEBUG] 2018-12-17 22:03:43.925 [http-nio-8080-exec-9] UserDao - Searching for: soundside
[DEBUG] 2018-12-17 22:03:50.210 [http-nio-8080-exec-3] EntityDAO - Searching for edu.matc.entity.Messages with toUser = 1
[DEBUG] 2018-12-17 22:04:25.844 [http-nio-8080-exec-7] UserDao - Searching for: sound
[DEBUG] 2018-12-17 22:04:28.308 [http-nio-8080-exec-8] UserDao - The list of users: [edu.matc.entity.User@47a37e5f, edu.matc.entity.User@20acdf0e, edu.matc.entity.User@3cf9c7ce, edu.matc.entity.User@1f600168, edu.matc.entity.User@43edc55d]
[DEBUG] 2018-12-17 22:04:32.317 [http-nio-8080-exec-1] UserDao - Searching for: soundside
[DEBUG] 2018-12-17 22:04:34.585 [http-nio-8080-exec-2] UserDao - Searching for: soundside
[DEBUG] 2018-12-17 22:04:37.919 [http-nio-8080-exec-4] EntityDAO - Searching for edu.matc.entity.Messages with toUser = 1
[DEBUG] 2018-12-17 22:07:27.043 [http-nio-8080-exec-6] UserDao - The list of users: [edu.matc.entity.User@1b8b70e8, edu.matc.entity.User@5a914f0a, edu.matc.entity.User@5031c55d, edu.matc.entity.User@33702e6b, edu.matc.entity.User@7193dbd3]
[DEBUG] 2018-12-17 22:07:30.101 [http-nio-8080-exec-10] UserDao - The list of users: [edu.matc.entity.User@213b6a26, edu.matc.entity.User@6c484bd, edu.matc.entity.User@60791247, edu.matc.entity.User@b87b4b4, edu.matc.entity.User@719795b8]
[DEBUG] 2018-12-17 22:07:42.793 [http-nio-8080-exec-8] UserDao - Searching for: soundside
[DEBUG] 2018-12-17 22:07:49.440 [http-nio-8080-exec-10] EntityDAO - Searching for edu.matc.entity.Messages with toUser = 1
[DEBUG] 2018-12-17 22:10:12.248 [http-nio-8080-exec-6] UserDao - The list of users: [edu.matc.entity.User@581001b3, edu.matc.entity.User@16a940e0, edu.matc.entity.User@47a49ca3, edu.matc.entity.User@4f669b7f, edu.matc.entity.User@33912c55]
[DEBUG] 2018-12-17 22:10:15.633 [http-nio-8080-exec-9] UserDao - The list of users: [edu.matc.entity.User@320ff2a7, edu.matc.entity.User@222a8450, edu.matc.entity.User@74694458, edu.matc.entity.User@68e9a20, edu.matc.entity.User@4bd9da9c]
[DEBUG] 2018-12-17 22:10:50.753 [http-nio-8080-exec-6] UserDao - Searching for: soundside
[DEBUG] 2018-12-17 22:10:53.072 [http-nio-8080-exec-8] EntityDAO - Searching for edu.matc.entity.Messages with toUser = 1
[DEBUG] 2018-12-17 22:11:39.430 [http-nio-8080-exec-2] EntityDAO - Searching for edu.matc.entity.Messages with toUser = 1
[DEBUG] 2018-12-17 22:14:48.023 [http-nio-8080-exec-6] UserDao - The list of users: [edu.matc.entity.User@65e26147, edu.matc.entity.User@45cee88b, edu.matc.entity.User@7c024345, edu.matc.entity.User@7bb5ada3, edu.matc.entity.User@7fff9906]
[DEBUG] 2018-12-17 22:14:51.147 [http-nio-8080-exec-10] UserDao - The list of users: [edu.matc.entity.User@be2fe21, edu.matc.entity.User@47ef1ee2, edu.matc.entity.User@795c5b8d, edu.matc.entity.User@201499e0, edu.matc.entity.User@3c9b6835]
[DEBUG] 2018-12-17 22:15:42.680 [http-nio-8080-exec-8] UserDao - Searching for: soundside
[DEBUG] 2018-12-17 22:15:46.325 [http-nio-8080-exec-9] EntityDAO - Searching for edu.matc.entity.Messages with toUser = 1
[DEBUG] 2018-12-17 22:15:56.185 [http-nio-8080-exec-1] UserDao - Searching for: soundside
[DEBUG] 2018-12-17 22:19:57.171 [http-nio-8080-exec-6] UserDao - The list of users: [edu.matc.entity.User@bebcb0f, edu.matc.entity.User@65f9cff5, edu.matc.entity.User@69c6fccf, edu.matc.entity.User@4a9fa3ae, edu.matc.entity.User@cae7052]
[DEBUG] 2018-12-17 22:20:00.524 [http-nio-8080-exec-9] UserDao - The list of users: [edu.matc.entity.User@7ad733db, edu.matc.entity.User@4a54aae1, edu.matc.entity.User@77c98d01, edu.matc.entity.User@4a7460d7, edu.matc.entity.User@9fedba9]
[DEBUG] 2018-12-17 22:23:39.161 [http-nio-8080-exec-6] UserDao - The list of users: [edu.matc.entity.User@520d7e36, edu.matc.entity.User@3f7c3139, edu.matc.entity.User@559ebaf1, edu.matc.entity.User@62e91400, edu.matc.entity.User@45c162da]
[DEBUG] 2018-12-17 22:23:41.896 [http-nio-8080-exec-9] UserDao - The list of users: [edu.matc.entity.User@4e88ff1d, edu.matc.entity.User@39cc4de1, edu.matc.entity.User@74e64ba0, edu.matc.entity.User@4cfca63c, edu.matc.entity.User@4505d8a9]
[DEBUG] 2018-12-17 22:26:14.788 [http-nio-8080-exec-6] UserDao - The list of users: [edu.matc.entity.User@6dbbb7e4, edu.matc.entity.User@3208e362, edu.matc.entity.User@219f03c4, edu.matc.entity.User@55363a3a, edu.matc.entity.User@359497a4]
[DEBUG] 2018-12-17 22:26:18.554 [http-nio-8080-exec-9] UserDao - The list of users: [edu.matc.entity.User@4e88ff1d, edu.matc.entity.User@39cc4de1, edu.matc.entity.User@74e64ba0, edu.matc.entity.User@4cfca63c, edu.matc.entity.User@4505d8a9]
[DEBUG] 2018-12-17 22:27:58.345 [http-nio-8080-exec-2] UserDao - Searching for: soundside
[DEBUG] 2018-12-17 22:29:44.006 [http-nio-8080-exec-6] UserDao - The list of users: [edu.matc.entity.User@242e295b, edu.matc.entity.User@464b7623, edu.matc.entity.User@2686fa1a, edu.matc.entity.User@2f57146a, edu.matc.entity.User@7fab8f03]
[DEBUG] 2018-12-17 22:29:46.645 [http-nio-8080-exec-9] UserDao - The list of users: [edu.matc.entity.User@120b7dd9, edu.matc.entity.User@1091b43, edu.matc.entity.User@4a8f2c0, edu.matc.entity.User@4c353790, edu.matc.entity.User@5996e7a]
[DEBUG] 2018-12-17 22:31:56.841 [http-nio-8080-exec-6] UserDao - The list of users: [edu.matc.entity.User@4654a02c, edu.matc.entity.User@74242094, edu.matc.entity.User@7a9d372e, edu.matc.entity.User@4746f2de, edu.matc.entity.User@2df83231]
[DEBUG] 2018-12-17 22:32:02.116 [http-nio-8080-exec-9] UserDao - The list of users: [edu.matc.entity.User@f4aae2d, edu.matc.entity.User@412bbbb3, edu.matc.entity.User@6ed34b8d, edu.matc.entity.User@56fcb99a, edu.matc.entity.User@c9d4eae]
[DEBUG] 2018-12-17 22:32:24.742 [http-nio-8080-exec-5] UserDao - Searching for: soundside
[DEBUG] 2018-12-17 22:32:30.693 [http-nio-8080-exec-7] EntityDAO - Searching for edu.matc.entity.Messages with toUser = 1
[DEBUG] 2018-12-17 22:34:09.402 [http-nio-8080-exec-6] UserDao - The list of users: [edu.matc.entity.User@65e26147, edu.matc.entity.User@45cee88b, edu.matc.entity.User@7c024345, edu.matc.entity.User@7bb5ada3, edu.matc.entity.User@7fff9906]
[DEBUG] 2018-12-17 22:34:12.604 [http-nio-8080-exec-10] UserDao - The list of users: [edu.matc.entity.User@1e5cdf77, edu.matc.entity.User@12599063, edu.matc.entity.User@5cdbbafe, edu.matc.entity.User@21b18712, edu.matc.entity.User@596e5334]
[DEBUG] 2018-12-17 22:34:55.096 [http-nio-8080-exec-8] UserDao - Searching for: soundside
[DEBUG] 2018-12-17 22:34:59.515 [http-nio-8080-exec-10] EntityDAO - Searching for edu.matc.entity.Messages with toUser = 1
[DEBUG] 2018-12-17 22:35:03.348 [http-nio-8080-exec-2] UserDao - Searching for: soundside
[DEBUG] 2018-12-17 22:35:06.805 [http-nio-8080-exec-5] UserDao - Searching for: soundside
[DEBUG] 2018-12-17 22:36:43.147 [http-nio-8080-exec-8] EntityDAO - Searching for edu.matc.entity.Messages with toUser = 1
[DEBUG] 2018-12-17 22:36:45.196 [http-nio-8080-exec-1] UserDao - The list of users: [edu.matc.entity.User@4d0920, edu.matc.entity.User@4dc552a5, edu.matc.entity.User@3e50240b, edu.matc.entity.User@3f4d88c7, edu.matc.entity.User@57219207]
[DEBUG] 2018-12-17 22:36:46.739 [http-nio-8080-exec-10] UserDao - Searching for: soundside
[DEBUG] 2018-12-17 22:36:49.012 [http-nio-8080-exec-4] UserDao - Searching for: soundside
[DEBUG] 2018-12-17 22:43:46.299 [http-nio-8080-exec-6] UserDao - The list of users: [edu.matc.entity.User@4d53f9d1, edu.matc.entity.User@74f29a7, edu.matc.entity.User@185c94b8, edu.matc.entity.User@4ec10c6b, edu.matc.entity.User@35f1bfb3]
[DEBUG] 2018-12-17 22:43:49.406 [http-nio-8080-exec-10] UserDao - The list of users: [edu.matc.entity.User@3784028f, edu.matc.entity.User@47cc794e, edu.matc.entity.User@5e0bcb21, edu.matc.entity.User@40d3ac69, edu.matc.entity.User@57d45e86]
[DEBUG] 2018-12-17 22:43:58.661 [http-nio-8080-exec-5] UserDao - Searching for: soundside
[DEBUG] 2018-12-17 22:45:37.068 [http-nio-8080-exec-6] UserDao - The list of users: [edu.matc.entity.User@2f63efac, edu.matc.entity.User@29085183, edu.matc.entity.User@6e24cdfa, edu.matc.entity.User@2a7abd19, edu.matc.entity.User@2a202003]
[DEBUG] 2018-12-17 22:45:40.474 [http-nio-8080-exec-10] UserDao - The list of users: [edu.matc.entity.User@1a126e03, edu.matc.entity.User@30740499, edu.matc.entity.User@92a44f0, edu.matc.entity.User@5c0143b2, edu.matc.entity.User@55ea4c47]
[DEBUG] 2018-12-17 22:45:48.803 [http-nio-8080-exec-2] UserDao - Searching for: soundside
[DEBUG] 2018-12-17 22:48:03.017 [http-nio-8080-exec-6] UserDao - The list of users: [edu.matc.entity.User@5eb1195e, edu.matc.entity.User@25a5aded, edu.matc.entity.User@7d602d73, edu.matc.entity.User@16a940e0, edu.matc.entity.User@47a49ca3]
[DEBUG] 2018-12-17 22:48:06.180 [http-nio-8080-exec-10] UserDao - The list of users: [edu.matc.entity.User@74a5b0f3, edu.matc.entity.User@710f91b3, edu.matc.entity.User@5886d60e, edu.matc.entity.User@f4dc10f, edu.matc.entity.User@56b6ca3d]
[DEBUG] 2018-12-17 22:48:17.949 [http-nio-8080-exec-4] UserDao - Searching for: soundside
[DEBUG] 2018-12-17 22:48:39.550 [http-nio-8080-exec-4] UserDao - Searching for: soundside
[DEBUG] 2018-12-17 22:48:40.383 [http-nio-8080-exec-4] UserDao - Searching for: soundside
[DEBUG] 2018-12-17 22:48:55.423 [http-nio-8080-exec-7] UserDao - The list of users: [edu.matc.entity.User@3a148d02, edu.matc.entity.User@17b2468b, edu.matc.entity.User@6f279edd, edu.matc.entity.User@764a32db, edu.matc.entity.User@6828dd8d]
[DEBUG] 2018-12-17 22:48:57.164 [http-nio-8080-exec-8] UserDao - Searching for: soundside
[DEBUG] 2018-12-17 22:48:59.629 [http-nio-8080-exec-9] UserDao - The list of users: [edu.matc.entity.User@464f72e9, edu.matc.entity.User@6f8924a1, edu.matc.entity.User@1d158bc2, edu.matc.entity.User@7f643530, edu.matc.entity.User@4201c80f]
[DEBUG] 2018-12-17 22:49:11.373 [http-nio-8080-exec-2] EntityDAO - Searching for edu.matc.entity.User with username = soundside
[DEBUG] 2018-12-17 22:49:13.509 [http-nio-8080-exec-5] UserDao - Searching for: soundside
[DEBUG] 2018-12-17 22:49:14.948 [http-nio-8080-exec-10] EntityDAO - Searching for edu.matc.entity.Messages with toUser = 1
[DEBUG] 2018-12-18 20:19:59.098 [http-nio-8080-exec-6] UserDao - The list of users: [edu.matc.entity.User@227a27e, edu.matc.entity.User@20635b50, edu.matc.entity.User@249e2cb9, edu.matc.entity.User@2d593d75, edu.matc.entity.User@40fa2c6e]
[DEBUG] 2018-12-18 20:20:19.583 [http-nio-8080-exec-1] UserDao - The list of users: [edu.matc.entity.User@95a5eeb, edu.matc.entity.User@2ba48ac6, edu.matc.entity.User@8cdbd96, edu.matc.entity.User@3f03cfc9, edu.matc.entity.User@64f563c4]
[DEBUG] 2018-12-19 10:12:30.107 [http-nio-8080-exec-6] UserDao - The list of users: [edu.matc.entity.User@f20f1dd, edu.matc.entity.User@164b3185, edu.matc.entity.User@11320161, edu.matc.entity.User@41c7f9d5, edu.matc.entity.User@2c9e8406, edu.matc.entity.User@63964f09]
[DEBUG] 2018-12-19 10:12:41.422 [http-nio-8080-exec-9] UserDao - The list of users: [edu.matc.entity.User@320ff2a7, edu.matc.entity.User@222a8450, edu.matc.entity.User@74694458, edu.matc.entity.User@68e9a20, edu.matc.entity.User@4bd9da9c, edu.matc.entity.User@3da7dfb3]
[DEBUG] 2018-12-19 10:14:47.748 [http-nio-8080-exec-6] UserDao - The list of users: [edu.matc.entity.User@34c975d5, edu.matc.entity.User@43ea50aa, edu.matc.entity.User@60bcd65d, edu.matc.entity.User@683446a9, edu.matc.entity.User@5a5d54e8, edu.matc.entity.User@4b232009, edu.matc.entity.User@4dab090e]
[DEBUG] 2018-12-19 10:14:50.212 [http-nio-8080-exec-8] UserDao - The list of users: [edu.matc.entity.User@65ac641, edu.matc.entity.User@3ad5bf14, edu.matc.entity.User@66380989, edu.matc.entity.User@179e0f2e, edu.matc.entity.User@47a6ab52, edu.matc.entity.User@501c91ad, edu.matc.entity.User@764ebe66]
[DEBUG] 2018-12-19 10:16:36.611 [http-nio-8080-exec-6] UserDao - The list of users: [edu.matc.entity.User@12d59921, edu.matc.entity.User@5d68a09b, edu.matc.entity.User@1f8ca58c, edu.matc.entity.User@3bf0824e, edu.matc.entity.User@35b9d153, edu.matc.entity.User@2dcdd307, edu.matc.entity.User@5717a3f7, edu.matc.entity.User@68caa9a9]
[DEBUG] 2018-12-19 10:16:39.494 [http-nio-8080-exec-9] UserDao - The list of users: [edu.matc.entity.User@18a98bb1, edu.matc.entity.User@51c83a60, edu.matc.entity.User@26405b60, edu.matc.entity.User@4fc2bccb, edu.matc.entity.User@1be24281, edu.matc.entity.User@b6970a7, edu.matc.entity.User@75a87424, edu.matc.entity.User@7cd7c65a]
[DEBUG] 2018-12-19 10:20:05.451 [http-nio-8080-exec-6] UserDao - The list of users: [edu.matc.entity.User@3f352e57, edu.matc.entity.User@58039a6d, edu.matc.entity.User@73479e1c, edu.matc.entity.User@1b72a52e, edu.matc.entity.User@6b2f376c]
[DEBUG] 2018-12-19 10:20:07.638 [http-nio-8080-exec-9] UserDao - The list of users: [edu.matc.entity.User@75890c35, edu.matc.entity.User@466c2672, edu.matc.entity.User@263ecf52, edu.matc.entity.User@19f42476, edu.matc.entity.User@24217bd9]
[DEBUG] 2018-12-19 10:20:20.041 [http-nio-8080-exec-3] UserDao - The list of users: [edu.matc.entity.User@42c32a82, edu.matc.entity.User@32de4a13, edu.matc.entity.User@69ae797e, edu.matc.entity.User@2c297d9f, edu.matc.entity.User@37ab879f, edu.matc.entity.User@2dd46d9d]
[DEBUG] 2018-12-19 10:21:33.380 [http-nio-8080-exec-6] UserDao - The list of users: [edu.matc.entity.User@247f134c, edu.matc.entity.User@5b5d1bce, edu.matc.entity.User@64488321, edu.matc.entity.User@5597f5a0, edu.matc.entity.User@4c76e956, edu.matc.entity.User@7f46087d]
[DEBUG] 2018-12-19 10:21:35.378 [http-nio-8080-exec-9] UserDao - The list of users: [edu.matc.entity.User@5223f148, edu.matc.entity.User@5a58ddc1, edu.matc.entity.User@34861765, edu.matc.entity.User@17c51553, edu.matc.entity.User@5a210f52, edu.matc.entity.User@468b6702]
[DEBUG] 2018-12-19 10:23:45.873 [http-nio-8080-exec-2] UserDao - The list of users: [edu.matc.entity.User@74e80f94, edu.matc.entity.User@5fd90687, edu.matc.entity.User@42124c, edu.matc.entity.User@17b8d1fd, edu.matc.entity.User@535b3c9b, edu.matc.entity.User@7663ccfc, edu.matc.entity.User@6623700e]
[DEBUG] 2018-12-19 10:26:16.810 [http-nio-8080-exec-6] UserDao - The list of users: [edu.matc.entity.User@5e380829, edu.matc.entity.User@28ab71b6, edu.matc.entity.User@29012370, edu.matc.entity.User@18c7cda4, edu.matc.entity.User@38032609, edu.matc.entity.User@4bd6c67e, edu.matc.entity.User@6b6c66d7]
[DEBUG] 2018-12-19 10:26:20.260 [http-nio-8080-exec-9] UserDao - The list of users: [edu.matc.entity.User@15c9c732, edu.matc.entity.User@64562c64, edu.matc.entity.User@437e98e, edu.matc.entity.User@5ce370f4, edu.matc.entity.User@748dc0d, edu.matc.entity.User@52a8e58c, edu.matc.entity.User@69e81dce]
[DEBUG] 2018-12-19 10:27:02.591 [http-nio-8080-exec-3] UserDao - The list of users: [edu.matc.entity.User@6bedf737, edu.matc.entity.User@3b53ae69, edu.matc.entity.User@33652164, edu.matc.entity.User@7a25835d, edu.matc.entity.User@7ef59761, edu.matc.entity.User@58f34e30, edu.matc.entity.User@42873a4b, edu.matc.entity.User@14ee762d]
[DEBUG] 2018-12-19 10:27:11.456 [http-nio-8080-exec-7] UserDao - Searching for: asdf
[DEBUG] 2018-12-19 10:27:15.658 [http-nio-8080-exec-3] EntityDAO - Searching for edu.matc.entity.Messages with toUser = 12
[DEBUG] 2018-12-19 10:44:02.214 [http-nio-8080-exec-6] UserDao - The list of users: [edu.matc.entity.User@3b8ef5e1, edu.matc.entity.User@54b56f23, edu.matc.entity.User@541db996, edu.matc.entity.User@56fea4dd, edu.matc.entity.User@7690ee64]
[DEBUG] 2018-12-19 10:44:05.269 [http-nio-8080-exec-9] UserDao - The list of users: [edu.matc.entity.User@41287f8c, edu.matc.entity.User@5c080c32, edu.matc.entity.User@28f92d8e, edu.matc.entity.User@6c498ad0, edu.matc.entity.User@6e9f4cca]
[DEBUG] 2018-12-19 10:44:15.429 [http-nio-8080-exec-3] UserDao - Searching for: soundside
[DEBUG] 2018-12-19 10:44:25.182 [http-nio-8080-exec-5] UserDao - Searching for: soundside
[DEBUG] 2018-12-19 10:44:25.387 [http-nio-8080-exec-5] UserDao - Searching for: soundside
[DEBUG] 2018-12-19 10:44:29.272 [http-nio-8080-exec-6] UserDao - The list of users: [edu.matc.entity.User@70dae5e4, edu.matc.entity.User@36821656, edu.matc.entity.User@d879f5c, edu.matc.entity.User@d30888d, edu.matc.entity.User@2ae2b90a]
[DEBUG] 2018-12-19 10:44:31.916 [http-nio-8080-exec-9] UserDao - The list of users: [edu.matc.entity.User@69315ed4, edu.matc.entity.User@53c711ff, edu.matc.entity.User@2af25bc5, edu.matc.entity.User@40ca844b, edu.matc.entity.User@236ea578]
[DEBUG] 2018-12-19 10:48:13.656 [http-nio-8080-exec-3] UserDao - Searching for: soundside
[DEBUG] 2018-12-19 10:48:14.780 [http-nio-8080-exec-4] EntityDAO - Searching for edu.matc.entity.Messages with toUser = 1
[DEBUG] 2018-12-19 11:03:27.138 [http-nio-8080-exec-6] UserDao - The list of users: [edu.matc.entity.User@866c2e9, edu.matc.entity.User@15b0d14, edu.matc.entity.User@31a8cf8, edu.matc.entity.User@4ab4a0c7, edu.matc.entity.User@42f92a6c]
[DEBUG] 2018-12-19 11:03:28.955 [http-nio-8080-exec-9] UserDao - The list of users: [edu.matc.entity.User@29ca0dc6, edu.matc.entity.User@96fbdc2, edu.matc.entity.User@206fb7fc, edu.matc.entity.User@34b925e1, edu.matc.entity.User@4de4ba8d]
[DEBUG] 2018-12-19 11:04:35.934 [http-nio-8080-exec-4] UserDao - Searching for: soundside
[DEBUG] 2018-12-19 11:04:40.453 [http-nio-8080-exec-5] EntityDAO - Searching for edu.matc.entity.Messages with toUser = 1
[DEBUG] 2018-12-19 11:04:44.563 [http-nio-8080-exec-7] UserDao - Searching for: soundside
[DEBUG] 2018-12-19 11:04:51.482 [http-nio-8080-exec-9] UserDao - Searching for: soundside
[DEBUG] 2018-12-19 11:04:53.208 [http-nio-8080-exec-2] EntityDAO - Searching for edu.matc.entity.Messages with toUser = 1
[DEBUG] 2018-12-19 11:04:55.840 [http-nio-8080-exec-1] UserDao - Searching for: soundside
[DEBUG] 2018-12-19 11:05:43.432 [http-nio-8080-exec-6] UserDao - The list of users: [edu.matc.entity.User@613187b1, edu.matc.entity.User@16ed1cf0, edu.matc.entity.User@107189cf, edu.matc.entity.User@432ad4b3, edu.matc.entity.User@2e4bcf68]
[DEBUG] 2018-12-19 11:27:13.523 [http-nio-8080-exec-6] UserDao - The list of users: [edu.matc.entity.User@1b5154c0, edu.matc.entity.User@53efd298, edu.matc.entity.User@70badc8a, edu.matc.entity.User@93b6389]
[DEBUG] 2018-12-19 11:27:15.420 [http-nio-8080-exec-9] UserDao - The list of users: [edu.matc.entity.User@6ddba347, edu.matc.entity.User@2bcf1d33, edu.matc.entity.User@1dcc097c, edu.matc.entity.User@5e51e160]
[DEBUG] 2018-12-19 11:27:24.927 [http-nio-8080-exec-2] UserDao - Searching for: soundside
[DEBUG] 2018-12-19 11:27:26.595 [http-nio-8080-exec-3] EntityDAO - Searching for edu.matc.entity.Messages with toUser = 1
[DEBUG] 2018-12-19 11:27:28.375 [http-nio-8080-exec-5] UserDao - Searching for: soundside
[DEBUG] 2018-12-19 11:27:31.048 [http-nio-8080-exec-6] EntityDAO - Searching for edu.matc.entity.Messages with toUser = 1
[DEBUG] 2018-12-19 11:28:13.417 [http-nio-8080-exec-9] UserDao - Searching for: soundside
[DEBUG] 2018-12-19 11:28:15.775 [http-nio-8080-exec-10] UserDao - The list of users: [edu.matc.entity.User@27876b21, edu.matc.entity.User@611bef0b, edu.matc.entity.User@524b8816, edu.matc.entity.User@5b7a78af]
[DEBUG] 2018-12-19 11:29:59.307 [http-nio-8080-exec-6] UserDao - The list of users: [edu.matc.entity.User@2696f9b0, edu.matc.entity.User@4fcec294, edu.matc.entity.User@817a9c5, edu.matc.entity.User@4138356e]
[DEBUG] 2018-12-19 11:30:00.996 [http-nio-8080-exec-9] UserDao - The list of users: [edu.matc.entity.User@5b1b4620, edu.matc.entity.User@6e59b6e1, edu.matc.entity.User@68202e78, edu.matc.entity.User@770515cb]
[DEBUG] 2018-12-19 11:30:09.803 [http-nio-8080-exec-1] UserDao - Searching for: soundside
[DEBUG] 2018-12-19 11:30:12.224 [http-nio-8080-exec-3] EntityDAO - Searching for edu.matc.entity.Messages with toUser = 1
[DEBUG] 2018-12-19 11:31:01.429 [http-nio-8080-exec-9] UserDao - Inserting new user: edu.matc.entity.User@593ca881
[DEBUG] 2018-12-19 11:31:01.465 [http-nio-8080-exec-9] EquipmentDao - Inserting new hunter Equipment edu.matc.entity.Equipment@6994d43
[DEBUG] 2018-12-19 11:31:01.517 [http-nio-8080-exec-9] UserDao - The list of users: [edu.matc.entity.User@40a5ebd4, edu.matc.entity.User@2f4e53b1, edu.matc.entity.User@34e5b49, edu.matc.entity.User@6cdafbbf, edu.matc.entity.User@447683bc]
[DEBUG] 2018-12-19 11:31:06.120 [http-nio-8080-exec-10] UserDao - Returning user by id:13 User: edu.matc.entity.User@2714213a
[DEBUG] 2018-12-19 11:31:08.588 [http-nio-8080-exec-1] UserDao - The list of users: [edu.matc.entity.User@4a5de7dd, edu.matc.entity.User@1f21919f, edu.matc.entity.User@384a7d2b, edu.matc.entity.User@1fdeea08, edu.matc.entity.User@3a988521]
[DEBUG] 2018-12-19 11:31:09.553 [http-nio-8080-exec-2] UserDao - Returning user by id:1 User: edu.matc.entity.User@3a4a917c
[DEBUG] 2018-12-19 11:31:10.754 [http-nio-8080-exec-4] UserDao - The list of users: [edu.matc.entity.User@4b3a9e51, edu.matc.entity.User@605892dd, edu.matc.entity.User@55a57548, edu.matc.entity.User@6d8094d2, edu.matc.entity.User@72575725]
[DEBUG] 2018-12-19 11:31:11.544 [http-nio-8080-exec-6] UserDao - Returning user by id:2 User: edu.matc.entity.User@678c4799
[DEBUG] 2018-12-19 11:31:13.002 [http-nio-8080-exec-5] UserDao - Searching for: soundside
[DEBUG] 2018-12-19 11:31:15.660 [http-nio-8080-exec-7] UserDao - The list of users: [edu.matc.entity.User@4ccd5539, edu.matc.entity.User@dfd0a91, edu.matc.entity.User@34d9c5d7, edu.matc.entity.User@6ec18929, edu.matc.entity.User@48836d55]
[DEBUG] 2018-12-19 11:31:20.149 [http-nio-8080-exec-8] UserDao - Returning user by id:13 User: edu.matc.entity.User@3db06de9
[DEBUG] 2018-12-19 11:31:22.502 [http-nio-8080-exec-9] UserDao - Searching for: soundside
[DEBUG] 2018-12-19 11:31:23.843 [http-nio-8080-exec-1] EntityDAO - Searching for edu.matc.entity.Messages with toUser = 1
[DEBUG] 2018-12-19 11:31:32.204 [http-nio-8080-exec-2] UserDao - Searching for: soundside
[DEBUG] 2018-12-19 11:31:33.579 [http-nio-8080-exec-4] UserDao - The list of users: [edu.matc.entity.User@36869252, edu.matc.entity.User@b3d246, edu.matc.entity.User@66017655, edu.matc.entity.User@702fc34a, edu.matc.entity.User@7239db1f]
