[DEBUG] 2018-10-15 21:59:55.002 [main] EquipmentDao - The list of hunters equipment sets [edu.matc.entity.Equipment@5a6482a9, edu.matc.entity.Equipment@746cd757, edu.matc.entity.Equipment@ae372b9, edu.matc.entity.Equipment@2098d37d]
[ERROR] 2018-10-16 22:04:05.774 [main] Database - java.sql.SQLException: Access denied for user 'root'@'localhost' (using password: YES)
[ERROR] 2018-10-16 22:04:05.918 [main] Database - java.sql.SQLException: Access denied for user 'root'@'localhost' (using password: YES)
[ERROR] 2018-10-16 22:05:31.357 [main] Database - java.sql.SQLException: Access denied for user 'root'@'localhost' (using password: YES)
[ERROR] 2018-10-16 22:05:31.409 [main] Database - java.sql.SQLException: Access denied for user 'root'@'localhost' (using password: YES)
[DEBUG] 2018-10-16 22:07:20.457 [main] EquipmentDao - The list of hunters equipment sets [edu.matc.entity.Equipment@6dcd5639, edu.matc.entity.Equipment@3b36e000, edu.matc.entity.Equipment@333cb916, edu.matc.entity.Equipment@629ae7e]
[ERROR] 2018-10-16 22:17:15.467 [main] Database - java.sql.SQLException: Access denied for user 'root'@'localhost' (using password: YES)
[ERROR] 2018-10-16 22:17:15.491 [main] Database - java.sql.SQLException: Access denied for user 'root'@'localhost' (using password: YES)
[DEBUG] 2018-10-16 22:33:09.963 [main] EquipmentDao - The list of hunters equipment sets [edu.matc.entity.Equipment@1aa99005, edu.matc.entity.Equipment@592238c5, edu.matc.entity.Equipment@6ee8dcd3, edu.matc.entity.Equipment@a20b94b]
[DEBUG] 2018-10-16 22:34:52.546 [main] EquipmentDao - The list of hunters equipment sets [edu.matc.entity.Equipment@6dcd5639, edu.matc.entity.Equipment@3b36e000, edu.matc.entity.Equipment@333cb916, edu.matc.entity.Equipment@629ae7e]
[DEBUG] 2018-10-16 22:36:06.466 [main] EquipmentDao - The list of hunters equipment sets [edu.matc.entity.Equipment@34a0ef00, edu.matc.entity.Equipment@5c0f79f0, edu.matc.entity.Equipment@21fdfefc, edu.matc.entity.Equipment@3daa82be]
[DEBUG] 2018-10-16 22:45:32.436 [main] EquipmentDao - The list of hunters equipment sets [edu.matc.entity.Equipment@486bc9a4, edu.matc.entity.Equipment@7965a51c, edu.matc.entity.Equipment@3eee3e2b, edu.matc.entity.Equipment@4f63e3c7]
[DEBUG] 2018-10-16 22:46:55.036 [main] EquipmentDao - The list of hunters equipment sets [edu.matc.entity.Equipment@7c3ebc6b, edu.matc.entity.Equipment@1931d99, edu.matc.entity.Equipment@6a9950f1, edu.matc.entity.Equipment@7ad54c55]
[ERROR] 2018-10-16 22:50:27.616 [main] Database - com.mysql.jdbc.exceptions.jdbc4.MySQLSyntaxErrorException: You have an error in your SQL syntax; check the manual that corresponds to your MySQL server version for the right syntax to use near '' at line 1
[ERROR] 2018-10-16 22:50:32.659 [main] Database - com.mysql.jdbc.exceptions.jdbc4.MySQLSyntaxErrorException: Table 'test_VetHunHelping.User' doesn't exist
[ERROR] 2018-10-16 22:50:32.674 [main] Database - com.mysql.jdbc.exceptions.jdbc4.MySQLSyntaxErrorException: You have an error in your SQL syntax; check the manual that corresponds to your MySQL server version for the right syntax to use near '' at line 1
[ERROR] 2018-10-16 22:50:33.071 [main] Database - com.mysql.jdbc.exceptions.jdbc4.MySQLSyntaxErrorException: Table 'test_VetHunHelping.User' doesn't exist
[ERROR] 2018-10-16 22:50:33.089 [main] Database - com.mysql.jdbc.exceptions.jdbc4.MySQLSyntaxErrorException: You have an error in your SQL syntax; check the manual that corresponds to your MySQL server version for the right syntax to use near '' at line 1
[ERROR] 2018-10-16 22:50:33.169 [main] Database - com.mysql.jdbc.exceptions.jdbc4.MySQLSyntaxErrorException: Table 'test_VetHunHelping.User' doesn't exist
[ERROR] 2018-10-16 22:50:33.198 [main] Database - com.mysql.jdbc.exceptions.jdbc4.MySQLSyntaxErrorException: You have an error in your SQL syntax; check the manual that corresponds to your MySQL server version for the right syntax to use near '' at line 1
[ERROR] 2018-10-16 22:50:33.255 [main] Database - com.mysql.jdbc.exceptions.jdbc4.MySQLSyntaxErrorException: Table 'test_VetHunHelping.User' doesn't exist
[ERROR] 2018-10-16 22:50:33.268 [main] Database - com.mysql.jdbc.exceptions.jdbc4.MySQLSyntaxErrorException: You have an error in your SQL syntax; check the manual that corresponds to your MySQL server version for the right syntax to use near '' at line 1
[ERROR] 2018-10-16 22:56:14.372 [main] Database - com.mysql.jdbc.exceptions.jdbc4.MySQLSyntaxErrorException: You have an error in your SQL syntax; check the manual that corresponds to your MySQL server version for the right syntax to use near '' at line 1
[ERROR] 2018-10-16 22:57:48.544 [main] Database - com.mysql.jdbc.exceptions.jdbc4.MySQLSyntaxErrorException: Table 'test_VetHunHelping.User' doesn't exist
[ERROR] 2018-10-16 22:58:00.597 [main] Database - com.mysql.jdbc.exceptions.jdbc4.MySQLSyntaxErrorException: You have an error in your SQL syntax; check the manual that corresponds to your MySQL server version for the right syntax to use near '' at line 1
[ERROR] 2018-10-16 22:59:05.042 [main] Database - com.mysql.jdbc.exceptions.jdbc4.MySQLSyntaxErrorException: You have an error in your SQL syntax; check the manual that corresponds to your MySQL server version for the right syntax to use near '' at line 1
[ERROR] 2018-10-16 22:59:09.272 [main] Database - com.mysql.jdbc.exceptions.jdbc4.MySQLSyntaxErrorException: Table 'test_VetHunHelping.User' doesn't exist
[ERROR] 2018-10-16 22:59:09.287 [main] Database - com.mysql.jdbc.exceptions.jdbc4.MySQLSyntaxErrorException: You have an error in your SQL syntax; check the manual that corresponds to your MySQL server version for the right syntax to use near '' at line 1
[ERROR] 2018-10-16 22:59:09.690 [main] Database - com.mysql.jdbc.exceptions.jdbc4.MySQLSyntaxErrorException: Table 'test_VetHunHelping.User' doesn't exist
[ERROR] 2018-10-16 22:59:09.709 [main] Database - com.mysql.jdbc.exceptions.jdbc4.MySQLSyntaxErrorException: You have an error in your SQL syntax; check the manual that corresponds to your MySQL server version for the right syntax to use near '' at line 1
[ERROR] 2018-10-16 22:59:09.765 [main] Database - com.mysql.jdbc.exceptions.jdbc4.MySQLSyntaxErrorException: Table 'test_VetHunHelping.User' doesn't exist
[ERROR] 2018-10-16 22:59:09.788 [main] Database - com.mysql.jdbc.exceptions.jdbc4.MySQLSyntaxErrorException: You have an error in your SQL syntax; check the manual that corresponds to your MySQL server version for the right syntax to use near '' at line 1
[ERROR] 2018-10-16 22:59:09.830 [main] Database - com.mysql.jdbc.exceptions.jdbc4.MySQLSyntaxErrorException: Table 'test_VetHunHelping.User' doesn't exist
[ERROR] 2018-10-16 22:59:09.840 [main] Database - com.mysql.jdbc.exceptions.jdbc4.MySQLSyntaxErrorException: You have an error in your SQL syntax; check the manual that corresponds to your MySQL server version for the right syntax to use near '' at line 1
[DEBUG] 2018-10-16 23:09:06.247 [main] EquipmentDao - The list of hunters equipment sets [edu.matc.entity.Equipment@6a9950f1, edu.matc.entity.Equipment@7ad54c55, edu.matc.entity.Equipment@73017a80, edu.matc.entity.Equipment@6ae7deac]
[DEBUG] 2018-10-16 23:10:16.244 [main] EquipmentDao - The list of hunters equipment sets [edu.matc.entity.Equipment@319642db, edu.matc.entity.Equipment@59498d94, edu.matc.entity.Equipment@35bfa1bb, edu.matc.entity.Equipment@6b321262]
[DEBUG] 2018-10-16 23:12:11.406 [main] EquipmentDao - The list of hunters equipment sets [edu.matc.entity.Equipment@486bc9a4, edu.matc.entity.Equipment@7965a51c, edu.matc.entity.Equipment@3eee3e2b, edu.matc.entity.Equipment@4f63e3c7]
[DEBUG] 2018-10-16 23:15:02.352 [main] EquipmentDao - The list of hunters equipment sets [edu.matc.entity.Equipment@7c3ebc6b, edu.matc.entity.Equipment@1931d99, edu.matc.entity.Equipment@6a9950f1, edu.matc.entity.Equipment@7ad54c55]
[DEBUG] 2018-10-16 23:29:50.344 [main] EquipmentDao - The list of hunters equipment sets [edu.matc.entity.Equipment@34a0ef00, edu.matc.entity.Equipment@5c0f79f0, edu.matc.entity.Equipment@21fdfefc, edu.matc.entity.Equipment@3daa82be]
[DEBUG] 2018-10-16 23:38:25.575 [main] EquipmentDao - The list of hunters equipment sets [edu.matc.entity.Equipment@1a28aef1, edu.matc.entity.Equipment@4647881c, edu.matc.entity.Equipment@6e0cff20, edu.matc.entity.Equipment@359b650b]
[DEBUG] 2018-10-21 21:46:26.859 [main] EquipmentDao - The list of hunters equipment sets [edu.matc.entity.Equipment@6ee8dcd3, edu.matc.entity.Equipment@a20b94b, edu.matc.entity.Equipment@5cdf39b2, edu.matc.entity.Equipment@14f3c6fc]
[DEBUG] 2018-10-21 21:48:10.786 [main] EquipmentDao - The list of hunters equipment sets [edu.matc.entity.Equipment@6a9950f1, edu.matc.entity.Equipment@7ad54c55, edu.matc.entity.Equipment@73017a80, edu.matc.entity.Equipment@6ae7deac]
[ERROR] 2018-10-21 22:56:11.546 [main] Database - com.mysql.jdbc.exceptions.jdbc4.MySQLIntegrityConstraintViolationException: Cannot delete or update a parent row: a foreign key constraint fails (`test_VetHunHelping`.`Equipment`, CONSTRAINT `Equipment_fk0` FOREIGN KEY (`UserId`) REFERENCES `User` (`Id`))
[ERROR] 2018-10-21 22:56:11.601 [main] Database - com.mysql.jdbc.exceptions.jdbc4.MySQLIntegrityConstraintViolationException: Duplicate entry '1' for key 'PRIMARY'
[ERROR] 2018-10-21 22:56:16.190 [main] Database - com.mysql.jdbc.exceptions.jdbc4.MySQLIntegrityConstraintViolationException: Cannot delete or update a parent row: a foreign key constraint fails (`test_VetHunHelping`.`Equipment`, CONSTRAINT `Equipment_fk0` FOREIGN KEY (`UserId`) REFERENCES `User` (`Id`))
[ERROR] 2018-10-21 22:56:16.207 [main] Database - com.mysql.jdbc.exceptions.jdbc4.MySQLIntegrityConstraintViolationException: Duplicate entry '1' for key 'PRIMARY'
[DEBUG] 2018-10-21 22:56:16.732 [main] EquipmentDao - The list of hunters equipment sets [edu.matc.entity.Equipment@6dcd5639, edu.matc.entity.Equipment@3b36e000, edu.matc.entity.Equipment@333cb916]
[ERROR] 2018-10-21 22:56:16.811 [main] Database - com.mysql.jdbc.exceptions.jdbc4.MySQLIntegrityConstraintViolationException: Cannot delete or update a parent row: a foreign key constraint fails (`test_VetHunHelping`.`Equipment`, CONSTRAINT `Equipment_fk0` FOREIGN KEY (`UserId`) REFERENCES `User` (`Id`))
[ERROR] 2018-10-21 22:56:16.843 [main] Database - com.mysql.jdbc.exceptions.jdbc4.MySQLIntegrityConstraintViolationException: Duplicate entry '1' for key 'PRIMARY'
[ERROR] 2018-10-21 22:56:16.905 [main] Database - com.mysql.jdbc.exceptions.jdbc4.MySQLIntegrityConstraintViolationException: Cannot delete or update a parent row: a foreign key constraint fails (`test_VetHunHelping`.`Equipment`, CONSTRAINT `Equipment_fk0` FOREIGN KEY (`UserId`) REFERENCES `User` (`Id`))
[ERROR] 2018-10-21 22:56:16.931 [main] Database - com.mysql.jdbc.exceptions.jdbc4.MySQLIntegrityConstraintViolationException: Duplicate entry '1' for key 'PRIMARY'
[ERROR] 2018-10-21 22:56:17.128 [main] Database - com.mysql.jdbc.exceptions.jdbc4.MySQLIntegrityConstraintViolationException: Cannot delete or update a parent row: a foreign key constraint fails (`test_VetHunHelping`.`Equipment`, CONSTRAINT `Equipment_fk0` FOREIGN KEY (`UserId`) REFERENCES `User` (`Id`))
[ERROR] 2018-10-21 22:56:17.144 [main] Database - com.mysql.jdbc.exceptions.jdbc4.MySQLIntegrityConstraintViolationException: Duplicate entry '1' for key 'PRIMARY'
[DEBUG] 2018-10-21 22:57:11.653 [main] EquipmentDao - The list of hunters equipment sets [edu.matc.entity.Equipment@29c2c826, edu.matc.entity.Equipment@3350ebdd, edu.matc.entity.Equipment@6818d900, edu.matc.entity.Equipment@149f5761]
[DEBUG] 2018-10-21 23:13:50.226 [main] EquipmentDao - The list of hunters equipment sets [edu.matc.entity.Equipment@365553de, edu.matc.entity.Equipment@34a0ef00, edu.matc.entity.Equipment@5c0f79f0, edu.matc.entity.Equipment@21fdfefc]
[DEBUG] 2018-10-21 23:35:08.400 [main] EquipmentDao - The list of hunters equipment sets [edu.matc.entity.Equipment@77cb9cd1, edu.matc.entity.Equipment@971e903, edu.matc.entity.Equipment@35636217, edu.matc.entity.Equipment@1549bba7]
[DEBUG] 2018-10-21 23:43:36.702 [main] EquipmentDao - The list of hunters equipment sets [edu.matc.entity.Equipment@24361cfc, edu.matc.entity.Equipment@34e20e6b, edu.matc.entity.Equipment@15ac59c2, edu.matc.entity.Equipment@7a7d1b47]
